accesses get set
262145 3.128433228e-08 2.741939545e-06
524289 6.445121765e-08 2.603656769e-06
786433 9.770584106e-08 2.628013611e-06
1048577 1.305027008e-07 2.55903244e-06
1310721 1.657707214e-07 2.65374527e-06
1572865 2.017180125e-07 2.577019374e-06
1835009 2.356125968e-07 2.51751491e-06
2097153 2.684402466e-07 2.467072487e-06
2359297 2.99724155e-07 2.422651927e-06
2621441 3.674694061e-07 2.6216259e-06
2883585 3.873003179e-07 2.547079953e-06
3145729 4.073050817e-07 2.480991682e-06
3407873 4.277434716e-07 2.422506186e-06
3670017 4.480160304e-07 2.369083677e-06
3932161 4.687327067e-07 2.319366455e-06
4194305 4.885439873e-07 2.273752213e-06
4456449 5.081318126e-07 2.231057784e-06
4718593 5.275334252e-07 2.191373401e-06
4980737 5.466690063e-07 2.153760007e-06
5242881 5.657363892e-07 2.118170929e-06
5505025 5.842058091e-07 2.084390004e-06
5767169 6.027549397e-07 2.051966754e-06
6029313 6.20505789e-07 2.0213633e-06
6291457 6.381367047e-07 1.991869926e-06
6553601 6.544770813e-07 2.109581604e-06
6815745 6.696417882e-07 2.073160612e-06
7077889 6.840633816e-07 2.038741218e-06
7340033 6.982242039e-07 2.005804471e-06
7602177 7.122892183e-07 1.974237508e-06
7864321 7.258516948e-07 1.944008509e-06
8126465 7.391850872e-07 1.915027372e-06
8388609 7.524411679e-07 1.886942863e-06
8650753 7.653117325e-07 1.859995871e-06
8912897 7.780650644e-07 1.834097694e-06
9175041 7.905488151e-07 1.809025247e-06
9437185 8.028509352e-07 1.784717348e-06
9699329 8.150447124e-07 1.761250573e-06
9961473 8.270285757e-07 1.738590742e-06
10223617 8.385714996e-07 1.716687618e-06
10485761 8.499406815e-07 1.695275211e-06
10747905 8.612554597e-07 1.67453189e-06
11010049 8.722824824e-07 1.654440471e-06
11272193 8.830699478e-07 1.634753294e-06
11534337 8.937412609e-07 1.615613504e-06
11796481 9.04308743e-07 1.5969546e-06
12058625 9.144489455e-07 1.578839841e-06
12320769 9.244504077e-07 1.56125584e-06
12582913 9.343713125e-07 1.54393808e-06
12845057 9.440483561e-07 1.527193731e-06
13107201 9.536241913e-07 1.510798874e-06
13369345 9.630125458e-07 1.494704377e-06
13631489 9.72556481e-07 1.479050636e-06
13893633 9.816797365e-07 1.463733673e-06
14155777 9.906146438e-07 1.448772925e-06
14417921 9.994470077e-07 1.434049086e-06
14680065 1.008035251e-06 1.419734478e-06
14942209 1.016526674e-06 1.405733543e-06
15204353 1.029392637e-06 1.392791682e-06
15466497 1.042442451e-06 1.38019232e-06
15728641 1.055327733e-06 1.36784242e-06
15990785 1.067823942e-06 1.355665551e-06
16252929 1.089088686e-06 1.34441468e-06
16515073 1.12379837e-06 1.334534055e-06
16777217 1.135029078e-06 1.32305038e-06
17039361 1.145200465e-06 1.311676788e-06
17301505 1.155257601e-06 1.300532832e-06
17563649 1.165411992e-06 1.430823255e-06
17825793 1.17557851e-06 1.580629068e-06
18087937 1.186706764e-06 1.728772923e-06
18350081 1.195096588e-06 1.863830512e-06
18612225 1.202680507e-06 2.002430553e-06
18874369 1.220653322e-06 2.153015984e-06
19136513 1.257786476e-06 2.327836807e-06
19398657 1.26764782e-06 2.462683291e-06
19660801 1.274470825e-06 2.58816925e-06
19922945 1.280552563e-06 2.707637335e-06
20185089 1.285291003e-06 2.833574022e-06
20447233 1.289185597e-06 2.944311093e-06
20709377 1.292967929e-06 3.06562076e-06
20971521 1.296629238e-06 3.175162029e-06
21233665 1.300272576e-06 3.289670779e-06
21495809 1.303831333e-06 3.388113068e-06
21757953 1.307300246e-06 3.497957712e-06
22020097 1.310525667e-06 3.590888432e-06
22282241 1.313669406e-06 3.697631836e-06
22544385 1.316897104e-06 3.789582009e-06
22806529 1.320030124e-06 3.890740712e-06
23068673 1.323123195e-06 3.980474645e-06
23330817 1.326133256e-06 4.076602764e-06
23592961 1.329100884e-06 4.159911474e-06
23855105 1.332089434e-06 4.255744641e-06
24117249 1.334973542e-06 4.330877719e-06
24379393 1.337852191e-06 4.420248626e-06
24641537 1.340655185e-06 4.500124992e-06
24903681 1.343389772e-06 4.582818483e-06
25165825 1.345962763e-06 4.671553135e-06
25427969 1.348491354e-06 4.7452146e-06
25690113 1.351013495e-06 4.834226569e-06
25952257 1.353723507e-06 4.908736104e-06
26214401 1.356337929e-06 4.988482933e-06
26476545 1.358921277e-06 5.058520855e-06
26738689 1.361464594e-06 5.137983397e-06
27000833 1.364008487e-06 5.20699014e-06
27262977 1.366435821e-06 5.272415014e-06
27525121 1.3688296e-06 5.347100576e-06
27787265 1.371077519e-06 5.413287469e-06
28049409 1.373238323e-06 5.486682393e-06
28311553 1.375357522e-06 5.556605551e-06
28573697 1.377327805e-06 5.61359535e-06
28835841 1.379328918e-06 5.681949581e-06
29097985 1.38127583e-06 5.752540348e-06
29360129 1.383098602e-06 5.816590888e-06
29622273 1.384849346e-06 5.892669475e-06
29884417 1.38647732e-06 5.958262828e-06
30146561 1.388096187e-06 6.022994796e-06
30408705 1.389642091e-06 6.096258591e-06
30670849 1.39122795e-06 6.159382127e-06
30932993 1.392727868e-06 6.232850996e-06
31195137 1.394186837e-06 6.29086044e-06
31457281 1.39562823e-06 6.35654974e-06
31719425 1.397020072e-06 6.425033254e-06
31981569 1.398300046e-06 6.49532759e-06
32243713 1.399562433e-06 6.558260382e-06
32505857 1.400754621e-06 6.618793395e-06
32768001 1.402052033e-06 6.67815271e-06
33030145 1.403379501e-06 6.737155672e-06
33292289 1.404733192e-06 6.801092703e-06
33554433 1.406100392e-06 6.856554418e-06
33816577 1.407313266e-06 6.915260729e-06
34078721 1.408655108e-06 6.962255976e-06
34340865 1.409940414e-06 7.018613597e-06
34603009 1.41116096e-06 7.067624988e-06
34865153 1.412356843e-06 7.113004985e-06
35127297 1.413647154e-06 7.165374414e-06
35389441 1.414865028e-06 7.207549455e-06
35651585 1.416056858e-06 7.251698381e-06
35913729 1.417211185e-06 7.297507376e-06
36175873 1.418409458e-06 7.338361104e-06
36438017 1.419632836e-06 7.393479299e-06
36700161 1.420791544e-06 7.438237953e-06
36962305 1.421929867e-06 7.478861545e-06
37224449 1.422989322e-06 7.521343231e-06
37486593 1.424092913e-06 7.561246485e-06
37748737 1.425263432e-06 7.602436171e-06
38010881 1.426357664e-06 7.641614532e-06
38273025 1.427478007e-06 7.680002003e-06
38535169 1.42851522e-06 7.719542938e-06
38797313 1.429570843e-06 7.758322406e-06
39059457 1.430593427e-06 7.796447421e-06
39321601 1.43151268e-06 7.833600972e-06
39583745 1.432495901e-06 7.876869908e-06
39845889 1.433460913e-06 7.912286231e-06
40108033 1.434398477e-06 7.951261383e-06
40370177 1.435322403e-06 7.986947146e-06
40632321 1.436225399e-06 8.023417195e-06
40894465 1.437152838e-06 8.056286322e-06
41156609 1.438129012e-06 8.089691696e-06
41418753 1.439041428e-06 8.122759686e-06
41680897 1.439989222e-06 8.154830164e-06
41943041 1.440878368e-06 8.184275817e-06
42205185 1.441729718e-06 8.207632574e-06
42467329 1.442585392e-06 8.236662264e-06
42729473 1.443414841e-06 8.266821434e-06
42991617 1.444261086e-06 8.301180909e-06
43253761 1.445159635e-06 8.325426806e-06
43515905 1.446037982e-06 8.354740418e-06
43778049 1.44682344e-06 8.383560911e-06
44040193 1.447614988e-06 8.415577343e-06
44302337 1.448386289e-06 8.442133096e-06
44564481 1.449120466e-06 8.477050803e-06
44826625 1.449854109e-06 8.505633906e-06
45088769 1.450606524e-06 8.530455433e-06
45350913 1.451260032e-06 8.557010077e-06
45613057 1.451898465e-06 8.583093467e-06
45875201 1.452535662e-06 8.610412444e-06
46137345 1.453181527e-06 8.636394977e-06
46399489 1.453794921e-06 8.662659811e-06
46661633 1.454425726e-06 8.688600475e-06
46923777 1.455103933e-06 8.716648122e-06
47185921 1.455783081e-06 8.7425752e-06
47448065 1.456506107e-06 8.764775102e-06
47710209 1.457184152e-06 8.788766378e-06
47972353 1.457816598e-06 8.811196561e-06
48234497 1.458459191e-06 8.834800222e-06
48496641 1.459071907e-06 8.864435288e-06
48758785 1.459690279e-06 8.886875172e-06
49020929 1.46026391e-06 8.91044482e-06
49283073 1.460798507e-06 8.93226102e-06
49545217 1.461381438e-06 8.960586729e-06
49807361 1.461972749e-06 8.98298141e-06
50069505 1.462564578e-06 9.006374258e-06
50331649 1.463153899e-06 9.028587221e-06
50593793 1.463710034e-06 9.049189335e-06
50855937 1.464209625e-06 9.069840067e-06
51118081 1.464741457e-06 9.095480933e-06
51380225 1.465228256e-06 9.118969255e-06
51642369 1.465762627e-06 9.140801908e-06
51904513 1.466285262e-06 9.16107588e-06
52166657 1.466760108e-06 9.1802658e-06
52428801 1.467300815e-06 9.207369994e-06
52690945 1.467774481e-06 9.225850517e-06
52953089 1.468239133e-06 9.246253041e-06
53215233 1.468699262e-06 9.264796947e-06
53477377 1.469095997e-06 9.290641111e-06
53739521 1.469506705e-06 9.30974843e-06
54001665 1.470081292e-06 9.340535654e-06
54263809 1.470557779e-06 9.36201735e-06
54525953 1.470973968e-06 9.380347068e-06
54788097 1.471414119e-06 9.40400453e-06
55050241 1.471807916e-06 9.422157505e-06
55312385 1.472180515e-06 9.440889945e-06
55574529 1.472541539e-06 9.464826997e-06
55836673 1.472940561e-06 9.483801917e-06
56098817 1.473352147e-06 9.500625164e-06
56360961 1.473863468e-06 9.523403806e-06
56623105 1.474338602e-06 9.539459157e-06
56885249 1.474963895e-06 9.558524891e-06
57147393 1.475818371e-06 9.581077225e-06
57409537 1.476443338e-06 9.597402302e-06
57671681 1.477037481e-06 9.618217051e-06
57933825 1.477777955e-06 9.633857346e-06
58195969 1.478388485e-06 9.649492469e-06
58458113 1.478993129e-06 9.670045398e-06
58720257 1.47968551e-06 9.686676689e-06
58982401 1.480311499e-06 9.707399664e-06
59244545 1.480904131e-06 9.722515223e-06
59506689 1.481607311e-06 9.742768745e-06
59768833 1.482113219e-06 9.761870634e-06
60030977 1.482633965e-06 9.775118465e-06
60293121 1.483178744e-06 9.794608173e-06
60555265 1.483721101e-06 9.808226333e-06
60817409 1.484245629e-06 9.826796448e-06
61079553 1.48474126e-06 9.840097516e-06
61341697 1.485228579e-06 9.860086326e-06
61603841 1.485729736e-06 9.87405798e-06
61865985 1.486217805e-06 9.891708971e-06
62128129 1.486772673e-06 9.90484978e-06
62390273 1.48728946e-06 9.918813769e-06
62652417 1.487770224e-06 9.937412468e-06
62914561 1.48826917e-06 9.951882139e-06
63176705 1.488800571e-06 9.964823837e-06
63438849 1.489277894e-06 9.98315551e-06
63700993 1.489749107e-06 1.000350101e-05
63963137 1.490212659e-06 1.001826346e-05
64225281 1.490720242e-06 1.003332533e-05
64487425 1.49124437e-06 1.005225256e-05
64749569 1.491702384e-06 1.006463348e-05
65011713 1.492160643e-06 1.008137409e-05
65273857 1.49261879e-06 1.00934876e-05
65536001 1.493065658e-06 1.011114247e-05
65798145 1.493400983e-06 1.012704062e-05
66060289 1.493649951e-06 1.013865546e-05
66322433 1.493774444e-06 1.015439259e-05
66584577 1.493880399e-06 1.016505391e-05
66846721 1.494003953e-06 1.01831426e-05
67108865 1.494122236e-06 1.019766118e-05
67371009 1.494224132e-06 1.021350797e-05
67633153 1.494460275e-06 1.022886368e-05
67895297 1.494561198e-06 1.024023367e-05
68157441 1.494660744e-06 1.025712731e-05
68419585 1.494747366e-06 1.026793976e-05
68681729 1.494830604e-06 1.028371311e-05
68943873 1.494926031e-06 1.029899739e-05
69206017 1.495011835e-06 1.031038742e-05
69468161 1.495078176e-06 1.032475901e-05
69730305 1.495165731e-06 1.034120022e-05
69992449 1.495250415e-06 1.035110221e-05
70254593 1.495316078e-06 1.036532675e-05
70516737 1.495409188e-06 1.03811152e-05
70778881 1.495494799e-06 1.039152774e-05
71041025 1.495565055e-06 1.040581906e-05
71303169 1.495624051e-06 1.041876549e-05
71565313 1.495689517e-06 1.042909561e-05
71827457 1.495776739e-06 1.044184576e-05
72089601 1.495835127e-06 1.045517038e-05
72351745 1.495912883e-06 1.046565159e-05
72613889 1.495988962e-06 1.047860547e-05
72876033 1.496051225e-06 1.049125439e-05
73138177 1.496130529e-06 1.049950068e-05
73400321 1.496195424e-06 1.051227636e-05
73662465 1.496270257e-06 1.052523199e-05
73924609 1.496441631e-06 1.053335789e-05
74186753 1.496504914e-06 1.054735812e-05
74448897 1.49655745e-06 1.056148709e-05
74711041 1.496635985e-06 1.05698189e-05
74973185 1.496695191e-06 1.058205895e-05
75235329 1.496763727e-06 1.059075641e-05
75497473 1.49681221e-06 1.060351529e-05
75759617 1.496857705e-06 1.061206547e-05
76021761 1.496912475e-06 1.062416579e-05
76283905 1.496966463e-06 1.063207825e-05
76546049 1.497044758e-06 1.064367887e-05
76808193 1.497117442e-06 1.065237949e-05
77070337 1.497189826e-06 1.066476028e-05
77332481 1.497239412e-06 1.067364741e-05
77594625 1.497299425e-06 1.068718334e-05
77856769 1.497344173e-06 1.069589011e-05
78118913 1.497395303e-06 1.070882108e-05
78381057 1.497459742e-06 1.071666883e-05
78643201 1.497507056e-06 1.072865178e-05
78905345 1.497563877e-06 1.073713413e-05
79167489 1.497612062e-06 1.074953985e-05
79429633 1.497658429e-06 1.075873882e-05
79691777 1.497706387e-06 1.077099313e-05
79953921 1.497759896e-06 1.077900043e-05
80216065 1.497804391e-06 1.079066254e-05
80478209 1.49787095e-06 1.079962171e-05
80740353 1.497911737e-06 1.081100579e-05
81002497 1.497951556e-06 1.081918164e-05
81264641 1.497993714e-06 1.083093978e-05
81526785 1.498022072e-06 1.083995599e-05
81788929 1.498057034e-06 1.08523042e-05
82051073 1.498105179e-06 1.085994538e-05
82313217 1.498150344e-06 1.087323132e-05
82575361 1.498182459e-06 1.088152991e-05
82837505 1.498208093e-06 1.089359272e-05
83099649 1.498244504e-06 1.090195296e-05
83361793 1.498287032e-06 1.091419872e-05
83623937 1.49832372e-06 1.092228357e-05
83886081 1.498356091e-06 1.09337615e-05
84148225 1.498375187e-06 1.094597597e-05
84410369 1.498405372e-06 1.09534495e-05
84672513 1.498424552e-06 1.096477839e-05
84934657 1.498440859e-06 1.09725948e-05
85196801 1.498553489e-06 1.098456052e-05
85458945 1.498570576e-06 1.099198658e-05
85721089 1.498600262e-06 1.100309634e-05
85983233 1.498719982e-06 1.101361686e-05
86245377 1.498723594e-06 1.102060521e-05
86507521 1.49872315e-06 1.103194029e-05
86769665 1.498718307e-06 1.103936311e-05
87031809 1.498721167e-06 1.104960345e-05
87293953 1.49872715e-06 1.106037831e-05
87556097 1.498825769e-06 1.10665916e-05
87818241 1.498824651e-06 1.10761506e-05
88080385 1.498831748e-06 1.108619355e-05
88342529 1.498842561e-06 1.109242939e-05
88604673 1.498845714e-06 1.11022011e-05
88866817 1.498845428e-06 1.110861419e-05
89128961 1.498835551e-06 1.11178879e-05
89391105 1.498843508e-06 1.112723002e-05
89653249 1.49886313e-06 1.113433184e-05
89915393 1.498875553e-06 1.114346203e-05
90177537 1.498963432e-06 1.115013786e-05
90439681 1.498966249e-06 1.115845502e-05
90701825 1.498955764e-06 1.11646338e-05
90963969 1.498947186e-06 1.11744549e-05
91226113 1.498933835e-06 1.118049276e-05
91488257 1.498937993e-06 1.119005436e-05
91750401 1.499032831e-06 1.119895926e-05
92012545 1.499030359e-06 1.12053727e-05
92274689 1.499033992e-06 1.121346752e-05
92536833 1.499016812e-06 1.12193486e-05
92798977 1.499021906e-06 1.122829892e-05
93061121 1.499046582e-06 1.12368178e-05
93323265 1.499043195e-06 1.124241284e-05
93585409 1.49902942e-06 1.125102636e-05
93847553 1.499007474e-06 1.125634084e-05
94109697 1.499001579e-06 1.126619337e-05
94371841 1.49899667e-06 1.127459255e-05
94633985 1.498978389e-06 1.128007361e-05
94896129 1.498957364e-06 1.128909912e-05
95158273 1.498936917e-06 1.129805496e-05
95420417 1.49893028e-06 1.130347239e-05
95682561 1.498911786e-06 1.131211058e-05
95944705 1.498882188e-06 1.131832918e-05
96206849 1.498856057e-06 1.132620317e-05
96468993 1.498835562e-06 1.13344417e-05
96731137 1.498815923e-06 1.133891677e-05
96993281 1.498798812e-06 1.134648349e-05
97255425 1.498773558e-06 1.135393016e-05
97517569 1.498738236e-06 1.13586952e-05
97779713 1.498713494e-06 1.136676195e-05
98041857 1.498702104e-06 1.137193394e-05
98304001 1.498699573e-06 1.138024414e-05
98566145 1.498688432e-06 1.138772436e-05
98828289 1.498679e-06 1.139269891e-05
99090433 1.498659455e-06 1.140161608e-05
99352577 1.498621484e-06 1.140582046e-05
99614721 1.498592716e-06 1.141326369e-05
99876865 1.498558243e-06 1.142098483e-05
