global_mem 1599078400 segment_size 1048576 segment_count 1525
1525 > 2*16
performing trace analysis on apps 1,2,
with steal weights of 
policy multi
using trace file /tmp/a
rounding off
utilization rate 1
start counting hits at t = 1
request limit 0
global mem 1599078400
use tax 0
tax rate 0.05
cleaning width 16
port: 46983
Progress: 262145 Rate: 0.1023625778 MB/s Hit Rate: 0.9566980251% Evicted Items: 0 Evicted Bytes: 0 Utilization: 0 
Progress: 524289 Rate: 0.03626177942 MB/s Hit Rate: 1.946948119% Evicted Items: 0 Evicted Bytes: 0 Utilization: 0 
Progress: 786433 Rate: 0.02247089689 MB/s Hit Rate: 2.894300874% Evicted Items: 0 Evicted Bytes: 0 Utilization: 0 
Progress: 1048577 Rate: 0.01625794566 MB/s Hit Rate: 3.825905402% Evicted Items: 0 Evicted Bytes: 0 Utilization: 0 
Progress: 1310721 Rate: 0.01242854355 MB/s Hit Rate: 4.784465233% Evicted Items: 0 Evicted Bytes: 0 Utilization: 0 
Progress: 1572865 Rate: 0.0102680491 MB/s Hit Rate: 5.716717331% Evicted Items: 0 Evicted Bytes: 0 Utilization: 0 
Progress: 1835009 Rate: 0.008830424491 MB/s Hit Rate: 6.614387819% Evicted Items: 0 Evicted Bytes: 0 Utilization: 0 
Progress: 2097153 Rate: 0.007634599777 MB/s Hit Rate: 7.513051811% Evicted Items: 0 Evicted Bytes: 0 Utilization: 0 
Progress: 2359297 Rate: 0.006656076552 MB/s Hit Rate: 8.426002389% Evicted Items: 0 Evicted Bytes: 0 Utilization: 0 
Progress: 2621441 Rate: 0.006058916691 MB/s Hit Rate: 9.296830613% Evicted Items: 0 Evicted Bytes: 0 Utilization: 0 
Progress: 2883585 Rate: 0.00541925561 MB/s Hit Rate: 10.18199867% Evicted Items: 0 Evicted Bytes: 0 Utilization: 0 
Progress: 3145729 Rate: 0.004979628193 MB/s Hit Rate: 11.04797487% Evicted Items: 0 Evicted Bytes: 0 Utilization: 0 
Progress: 3407873 Rate: 0.004595868341 MB/s Hit Rate: 11.90065247% Evicted Items: 0 Evicted Bytes: 0 Utilization: 0 
Progress: 3670017 Rate: 0.004264304665 MB/s Hit Rate: 12.74396102% Evicted Items: 0 Evicted Bytes: 0 Utilization: 0 
Progress: 3932161 Rate: 0.003959408237 MB/s Hit Rate: 13.58449724% Evicted Items: 0 Evicted Bytes: 0 Utilization: 0 
Progress: 4194305 Rate: 0.003679956565 MB/s Hit Rate: 14.42864652% Evicted Items: 0 Evicted Bytes: 0 Utilization: 0 
Progress: 4456449 Rate: 0.003529660642 MB/s Hit Rate: 15.23387181% Evicted Items: 0 Evicted Bytes: 0 Utilization: 0 
Progress: 4718593 Rate: 0.003267201048 MB/s Hit Rate: 16.06005559% Evicted Items: 0 Evicted Bytes: 0 Utilization: 0 
Progress: 4980737 Rate: 0.003100954624 MB/s Hit Rate: 16.87776527% Evicted Items: 0 Evicted Bytes: 0 Utilization: 0 
Progress: 5242881 Rate: 0.002963067343 MB/s Hit Rate: 17.67338632% Evicted Items: 0 Evicted Bytes: 0 Utilization: 0 
Progress: 5505025 Rate: 0.00279607934 MB/s Hit Rate: 18.46967831% Evicted Items: 0 Evicted Bytes: 0 Utilization: 0 
Progress: 5767169 Rate: 0.002689056208 MB/s Hit Rate: 19.24392454% Evicted Items: 0 Evicted Bytes: 0 Utilization: 0 
Progress: 6029313 Rate: 0.002598407148 MB/s Hit Rate: 20.0087946% Evicted Items: 0 Evicted Bytes: 0 Utilization: 0 
Progress: 6291457 Rate: 0.002487018868 MB/s Hit Rate: 20.76575977% Evicted Items: 0 Evicted Bytes: 0 Utilization: 0 
Progress: 6553601 Rate: 0.002373810154 MB/s Hit Rate: 21.51547305% Evicted Items: 0 Evicted Bytes: 0 Utilization: 0 
Progress: 6815745 Rate: 0.002274281431 MB/s Hit Rate: 22.26795204% Evicted Items: 0 Evicted Bytes: 0 Utilization: 0 
Progress: 7077889 Rate: 0.002215366633 MB/s Hit Rate: 23.00381055% Evicted Items: 0 Evicted Bytes: 0 Utilization: 0 
Progress: 7340033 Rate: 0.002131782771 MB/s Hit Rate: 23.72630823% Evicted Items: 0 Evicted Bytes: 0 Utilization: 0 
Progress: 7602177 Rate: 0.002058960145 MB/s Hit Rate: 24.44643143% Evicted Items: 0 Evicted Bytes: 0 Utilization: 0 
Progress: 7864321 Rate: 0.002016977809 MB/s Hit Rate: 25.14825329% Evicted Items: 0 Evicted Bytes: 0 Utilization: 0 
Progress: 8126465 Rate: 0.001943895923 MB/s Hit Rate: 25.84139873% Evicted Items: 0 Evicted Bytes: 0 Utilization: 0 
Progress: 8388609 Rate: 0.001881696451 MB/s Hit Rate: 26.53361236% Evicted Items: 0 Evicted Bytes: 0 Utilization: 0 
Progress: 8650753 Rate: 0.001832845546 MB/s Hit Rate: 27.21486246% Evicted Items: 0 Evicted Bytes: 0 Utilization: 0 
Progress: 8912897 Rate: 0.001777082913 MB/s Hit Rate: 27.88800715% Evicted Items: 0 Evicted Bytes: 0 Utilization: 0 
Progress: 9175041 Rate: 0.001751833499 MB/s Hit Rate: 28.54582468% Evicted Items: 0 Evicted Bytes: 0 Utilization: 0 
Progress: 9437185 Rate: 0.00168653345 MB/s Hit Rate: 29.20684549% Evicted Items: 0 Evicted Bytes: 0 Utilization: 0 
Progress: 9699329 Rate: 0.001650873841 MB/s Hit Rate: 29.85621329% Evicted Items: 0 Evicted Bytes: 0 Utilization: 0 
Progress: 9961473 Rate: 0.001616760884 MB/s Hit Rate: 30.49565029% Evicted Items: 0 Evicted Bytes: 0 Utilization: 0 
Progress: 10223617 Rate: 0.001582549347 MB/s Hit Rate: 31.12485237% Evicted Items: 0 Evicted Bytes: 0 Utilization: 0 
