WARNING: global_mem not a multiple of segment_size
global_mem 300000000 segment_size 1048576 segment_count 286
286 > 2*20
performing trace analysis on apps 1,2,
with steal weights of 
policy multi
using trace file ./data/tiny.sim
rounding off
utilization rate 1
start counting hits at t = 1
request limit 0
global mem 300000000
use tax 0
tax rate 0.05
cleaning width 20
Progress: 6569372 Rate: 5.105238628 MB/s Hit Rate: 2.862167358% Evicted Items: 0 Evicted Bytes: 0 Utilization: 0
Progress: 13153947 Rate: 4.870792571 MB/s Hit Rate: 5.414772034% Evicted Items: 0 Evicted Bytes: 0 Utilization: 0
Progress: 19738661 Rate: 4.552952582 MB/s Hit Rate: 7.710901896% Evicted Items: 0 Evicted Bytes: 0 Utilization: 0
Progress: 26312444 Rate: 4.622652364 MB/s Hit Rate: 9.768867493% Evicted Items: 0 Evicted Bytes: 0 Utilization: 0
2 miss rate 0.9171525459 size 469000 s miss rate 0.916875 s size 519000 max size 586000
1 miss rate 0.9632674836 size 597000 s miss rate 0.9657163181 s size 547000 max size 613000
2 miss rate 0.9171525459 size 469000 s miss rate 0.916875 s size 519000 max size 586000
1 miss rate 0.9632674836 size 597000 s miss rate 0.9657163181 s size 547000 max size 613000
2 miss rate 0.9171525459 size 469000 s miss rate 0.916875 s size 519000 max size 586000
1 miss rate 0.9632674836 size 597000 s miss rate 0.9657163181 s size 547000 max size 613000
2 miss rate 0.9171525459 size 469000 s miss rate 0.916875 s size 519000 max size 586000
1 miss rate 0.9632674836 size 597000 s miss rate 0.9657163181 s size 547000 max size 613000
2 miss rate 0.9160860242 size 464000 s miss rate 0.9155758257 s size 514000 max size 595000
1 miss rate 0.9639413943 size 603000 s miss rate 0.9665014145 s size 553000 max size 624000
2 miss rate 0.9160860242 size 464000 s miss rate 0.9155758257 s size 514000 max size 595000
1 miss rate 0.9639413943 size 603000 s miss rate 0.9665014145 s size 553000 max size 624000
2 miss rate 0.9160860242 size 464000 s miss rate 0.9155758257 s size 514000 max size 595000
1 miss rate 0.9639413943 size 603000 s miss rate 0.9665014145 s size 553000 max size 624000
2 miss rate 0.9160860242 size 464000 s miss rate 0.9155758257 s size 514000 max size 595000
1 miss rate 0.9639413943 size 603000 s miss rate 0.9665014145 s size 553000 max size 624000
2 miss rate 0.9160860242 size 464000 s miss rate 0.9155758257 s size 514000 max size 595000
1 miss rate 0.9639413943 size 603000 s miss rate 0.9665014145 s size 553000 max size 624000
Progress: 32870417 Rate: 0.4203643769 MB/s Hit Rate: 11.49269104% Evicted Items: 106334 Evicted Bytes: 35499660 Utilization: 0
2 miss rate 0.9152079431 size 461000 s miss rate 0.914665274 s size 511000 max size 603000
1 miss rate 0.9613015293 size 612000 s miss rate 0.963585814 s size 562000 max size 632000
2 miss rate 0.9152079431 size 461000 s miss rate 0.914665274 s size 511000 max size 603000
1 miss rate 0.9613015293 size 612000 s miss rate 0.963585814 s size 562000 max size 632000
2 miss rate 0.9152079431 size 461000 s miss rate 0.914665274 s size 511000 max size 603000
1 miss rate 0.9613015293 size 612000 s miss rate 0.963585814 s size 562000 max size 632000
2 miss rate 0.9152079431 size 461000 s miss rate 0.914665274 s size 511000 max size 603000
1 miss rate 0.9613015293 size 612000 s miss rate 0.963585814 s size 562000 max size 632000
2 miss rate 0.9152079431 size 461000 s miss rate 0.914665274 s size 511000 max size 603000
1 miss rate 0.9613015293 size 612000 s miss rate 0.963585814 s size 562000 max size 632000
2 miss rate 0.9137513651 size 455000 s miss rate 0.9129527667 s size 505000 max size 611000
1 miss rate 0.9603465462 size 619000 s miss rate 0.9624755907 s size 569000 max size 640000
2 miss rate 0.9137513651 size 455000 s miss rate 0.9129527667 s size 505000 max size 611000
1 miss rate 0.9603465462 size 619000 s miss rate 0.9624755907 s size 569000 max size 640000
2 miss rate 0.9137513651 size 455000 s miss rate 0.9129527667 s size 505000 max size 611000
1 miss rate 0.9603465462 size 619000 s miss rate 0.9624755907 s size 569000 max size 640000
2 miss rate 0.9137513651 size 455000 s miss rate 0.9129527667 s size 505000 max size 611000
1 miss rate 0.9603465462 size 619000 s miss rate 0.9624755907 s size 569000 max size 640000
2 miss rate 0.9118841776 size 449000 s miss rate 0.9108241376 s size 499000 max size 619000
1 miss rate 0.9595633677 size 626000 s miss rate 0.9615765272 s size 576000 max size 649000
2 miss rate 0.9118841776 size 449000 s miss rate 0.9108241376 s size 499000 max size 619000
1 miss rate 0.9595633677 size 626000 s miss rate 0.9615765272 s size 576000 max size 649000
2 miss rate 0.9118841776 size 449000 s miss rate 0.9108241376 s size 499000 max size 619000
1 miss rate 0.9595633677 size 626000 s miss rate 0.9615765272 s size 576000 max size 649000
2 miss rate 0.9118841776 size 449000 s miss rate 0.9108241376 s size 499000 max size 619000
1 miss rate 0.9595633677 size 626000 s miss rate 0.9615765272 s size 576000 max size 649000
2 miss rate 0.9101330967 size 446000 s miss rate 0.9089295221 s size 496000 max size 626000
1 miss rate 0.9573137021 size 635000 s miss rate 0.9594682156 s size 585000 max size 658000
2 miss rate 0.9101330967 size 446000 s miss rate 0.9089295221 s size 496000 max size 626000
1 miss rate 0.9573137021 size 635000 s miss rate 0.9594682156 s size 585000 max size 658000
2 miss rate 0.9101330967 size 446000 s miss rate 0.9089295221 s size 496000 max size 626000
1 miss rate 0.9573137021 size 635000 s miss rate 0.9594682156 s size 585000 max size 658000
2 miss rate 0.9101330967 size 446000 s miss rate 0.9089295221 s size 496000 max size 626000
1 miss rate 0.9573137021 size 635000 s miss rate 0.9594682156 s size 585000 max size 658000
2 miss rate 0.9101330967 size 446000 s miss rate 0.9089295221 s size 496000 max size 626000
1 miss rate 0.9573137021 size 635000 s miss rate 0.9594682156 s size 585000 max size 658000
2 miss rate 0.9101330967 size 446000 s miss rate 0.9089295221 s size 496000 max size 626000
1 miss rate 0.9573137021 size 635000 s miss rate 0.9594682156 s size 585000 max size 658000
2 miss rate 0.9095354603 size 441000 s miss rate 0.9082186547 s size 491000 max size 635000
1 miss rate 0.9569069142 size 643000 s miss rate 0.9586161352 s size 593000 max size 667000
2 miss rate 0.9095354603 size 441000 s miss rate 0.9082186547 s size 491000 max size 635000
1 miss rate 0.9569069142 size 643000 s miss rate 0.9586161352 s size 593000 max size 667000
2 miss rate 0.9095354603 size 441000 s miss rate 0.9082186547 s size 491000 max size 635000
1 miss rate 0.9569069142 size 643000 s miss rate 0.9586161352 s size 593000 max size 667000
2 miss rate 0.9095354603 size 441000 s miss rate 0.9082186547 s size 491000 max size 635000
1 miss rate 0.9569069142 size 643000 s miss rate 0.9586161352 s size 593000 max size 667000
2 miss rate 0.9095354603 size 441000 s miss rate 0.9082186547 s size 491000 max size 635000
1 miss rate 0.9569069142 size 643000 s miss rate 0.9586161352 s size 593000 max size 667000
2 miss rate 0.9095354603 size 441000 s miss rate 0.9082186547 s size 491000 max size 635000
1 miss rate 0.9569069142 size 643000 s miss rate 0.9586161352 s size 593000 max size 667000
2 miss rate 0.9095354603 size 441000 s miss rate 0.9082186547 s size 491000 max size 635000
1 miss rate 0.9569069142 size 643000 s miss rate 0.9586161352 s size 593000 max size 667000
2 miss rate 0.9091871099 size 435000 s miss rate 0.9071196302 s size 485000 max size 643000
1 miss rate 0.955457688 size 651000 s miss rate 0.9569159184 s size 601000 max size 675000
2 stole from 1
2 miss rate 0.9082219958 size 433000 s miss rate 0.9058952295 s size 483000 max size 651000
1 miss rate 0.9553851579 size 659000 s miss rate 0.9568226206 s size 609000 max size 685000
2 stole from 1
2 miss rate 0.9079688935 size 426000 s miss rate 0.9054017775 s size 476000 max size 660000
1 miss rate 0.9555672574 size 667000 s miss rate 0.9568478068 s size 617000 max size 695000
2 stole from 1
2 miss rate 0.9070555792 size 434000 s miss rate 0.9046463787 s size 484000 max size 668000
1 miss rate 0.9545128735 size 657000 s miss rate 0.9561880368 s size 607000 max size 703000
2 stole from 1
2 miss rate 0.9069340153 size 442000 s miss rate 0.905087468 s size 492000 max size 677000
1 miss rate 0.9535343948 size 642000 s miss rate 0.9556219683 s size 592000 max size 711000
2 miss rate 0.9069340153 size 442000 s miss rate 0.905087468 s size 492000 max size 677000
1 miss rate 0.9535343948 size 642000 s miss rate 0.9556219683 s size 592000 max size 711000
2 miss rate 0.9069340153 size 442000 s miss rate 0.905087468 s size 492000 max size 677000
1 miss rate 0.9535343948 size 642000 s miss rate 0.9556219683 s size 592000 max size 711000
2 miss rate 0.9060758027 size 450000 s miss rate 0.9044493303 s size 500000 max size 686000
1 miss rate 0.9517305249 size 628000 s miss rate 0.9541195382 s size 578000 max size 719000
2 miss rate 0.9060758027 size 450000 s miss rate 0.9044493303 s size 500000 max size 686000
1 miss rate 0.9517305249 size 628000 s miss rate 0.9541195382 s size 578000 max size 719000
2 miss rate 0.9060758027 size 450000 s miss rate 0.9044493303 s size 500000 max size 686000
1 miss rate 0.9517305249 size 628000 s miss rate 0.9541195382 s size 578000 max size 719000
2 miss rate 0.9060758027 size 450000 s miss rate 0.9044493303 s size 500000 max size 686000
1 miss rate 0.9517305249 size 628000 s miss rate 0.9541195382 s size 578000 max size 719000
2 miss rate 0.9060758027 size 450000 s miss rate 0.9044493303 s size 500000 max size 686000
1 miss rate 0.9517305249 size 628000 s miss rate 0.9541195382 s size 578000 max size 719000
2 miss rate 0.9060758027 size 450000 s miss rate 0.9044493303 s size 500000 max size 686000
1 miss rate 0.9517305249 size 628000 s miss rate 0.9541195382 s size 578000 max size 719000
1 miss rate 0.9500302255 size 612000 s miss rate 0.9484438835 s size 662000 max size 730000
2 miss rate 0.9052601206 size 460000 s miss rate 0.9108965438 s size 410000 max size 697000
1 miss rate 0.9500302255 size 612000 s miss rate 0.9484438835 s size 662000 max size 730000
2 miss rate 0.9052601206 size 460000 s miss rate 0.9108965438 s size 410000 max size 697000
1 miss rate 0.9500302255 size 612000 s miss rate 0.9484438835 s size 662000 max size 730000
2 miss rate 0.9052601206 size 460000 s miss rate 0.9108965438 s size 410000 max size 697000
1 miss rate 0.9500302255 size 612000 s miss rate 0.9484438835 s size 662000 max size 730000
2 miss rate 0.9052601206 size 460000 s miss rate 0.9108965438 s size 410000 max size 697000
1 miss rate 0.9500302255 size 612000 s miss rate 0.9484438835 s size 662000 max size 730000
2 miss rate 0.9052601206 size 460000 s miss rate 0.9108965438 s size 410000 max size 697000
1 miss rate 0.9501416667 size 602000 s miss rate 0.9487208333 s size 652000 max size 739000
2 miss rate 0.9036177232 size 468000 s miss rate 0.9092380297 s size 418000 max size 705000
Progress: 39443738 Rate: 0.2744780885 MB/s Hit Rate: 12.77885437% Evicted Items: 314241 Evicted Bytes: 89726792 Utilization: 0
2 miss rate 0.9022541679 size 473000 s miss rate 0.9002458751 s size 523000 max size 710000
1 miss rate 0.9499455854 size 591000 s miss rate 0.954900321 s size 541000 max size 745000
2 miss rate 0.9022541679 size 473000 s miss rate 0.9002458751 s size 523000 max size 710000
1 miss rate 0.9499455854 size 591000 s miss rate 0.954900321 s size 541000 max size 745000
2 miss rate 0.9022541679 size 473000 s miss rate 0.9002458751 s size 523000 max size 710000
1 miss rate 0.9499455854 size 591000 s miss rate 0.954900321 s size 541000 max size 745000
2 miss rate 0.9022541679 size 473000 s miss rate 0.9002458751 s size 523000 max size 710000
1 miss rate 0.9499455854 size 591000 s miss rate 0.954900321 s size 541000 max size 745000
2 miss rate 0.9022541679 size 473000 s miss rate 0.9002458751 s size 523000 max size 710000
1 miss rate 0.9499455854 size 591000 s miss rate 0.954900321 s size 541000 max size 745000
1 miss rate 0.9493134626 size 589000 s miss rate 0.9473539315 s size 639000 max size 748000
2 miss rate 0.9024392154 size 476000 s miss rate 0.9072084755 s size 426000 max size 713000
1 miss rate 0.9493134626 size 589000 s miss rate 0.9473539315 s size 639000 max size 748000
2 miss rate 0.9024392154 size 476000 s miss rate 0.9072084755 s size 426000 max size 713000
1 miss rate 0.9493134626 size 589000 s miss rate 0.9473539315 s size 639000 max size 748000
2 miss rate 0.9024392154 size 476000 s miss rate 0.9072084755 s size 426000 max size 713000
1 miss rate 0.9493134626 size 589000 s miss rate 0.9473539315 s size 639000 max size 748000
2 miss rate 0.9024392154 size 476000 s miss rate 0.9072084755 s size 426000 max size 713000
2 miss rate 0.9026355736 size 481000 s miss rate 0.9000672074 s size 531000 max size 719000
1 miss rate 0.9491950284 size 581000 s miss rate 0.9541200002 s size 531000 max size 753000
2 miss rate 0.9026355736 size 481000 s miss rate 0.9000672074 s size 531000 max size 719000
1 miss rate 0.9491950284 size 581000 s miss rate 0.9541200002 s size 531000 max size 753000
2 miss rate 0.9026355736 size 481000 s miss rate 0.9000672074 s size 531000 max size 719000
1 miss rate 0.9491950284 size 581000 s miss rate 0.9541200002 s size 531000 max size 753000
2 miss rate 0.9026355736 size 481000 s miss rate 0.9000672074 s size 531000 max size 719000
1 miss rate 0.9491950284 size 581000 s miss rate 0.9541200002 s size 531000 max size 753000
2 miss rate 0.9026355736 size 481000 s miss rate 0.9000672074 s size 531000 max size 719000
1 miss rate 0.9491950284 size 581000 s miss rate 0.9541200002 s size 531000 max size 753000
1 miss rate 0.9494613309 size 574000 s miss rate 0.9470179856 s size 624000 max size 757000
2 miss rate 0.9024143192 size 484000 s miss rate 0.9071774298 s size 434000 max size 722000
1 miss rate 0.9494613309 size 574000 s miss rate 0.9470179856 s size 624000 max size 757000
2 miss rate 0.9024143192 size 484000 s miss rate 0.9071774298 s size 434000 max size 722000
1 miss rate 0.9494613309 size 574000 s miss rate 0.9470179856 s size 624000 max size 757000
2 miss rate 0.9024143192 size 484000 s miss rate 0.9071774298 s size 434000 max size 722000
1 miss rate 0.9494613309 size 574000 s miss rate 0.9470179856 s size 624000 max size 757000
2 miss rate 0.9024143192 size 484000 s miss rate 0.9071774298 s size 434000 max size 722000
2 miss rate 0.901767609 size 489000 s miss rate 0.8992112249 s size 539000 max size 727000
1 miss rate 0.9490941035 size 565000 s miss rate 0.9538384386 s size 515000 max size 762000
2 miss rate 0.901767609 size 489000 s miss rate 0.8992112249 s size 539000 max size 727000
1 miss rate 0.9490941035 size 565000 s miss rate 0.9538384386 s size 515000 max size 762000
2 miss rate 0.901767609 size 489000 s miss rate 0.8992112249 s size 539000 max size 727000
1 miss rate 0.9490941035 size 565000 s miss rate 0.9538384386 s size 515000 max size 762000
2 miss rate 0.901767609 size 489000 s miss rate 0.8992112249 s size 539000 max size 727000
1 miss rate 0.9490941035 size 565000 s miss rate 0.9538384386 s size 515000 max size 762000
2 miss rate 0.901767609 size 489000 s miss rate 0.8992112249 s size 539000 max size 727000
1 miss rate 0.9490941035 size 565000 s miss rate 0.9538384386 s size 515000 max size 762000
2 miss rate 0.901767609 size 489000 s miss rate 0.8992112249 s size 539000 max size 727000
1 miss rate 0.9490941035 size 565000 s miss rate 0.9538384386 s size 515000 max size 762000
1 miss rate 0.9492912582 size 559000 s miss rate 0.9463459695 s size 609000 max size 765000
2 miss rate 0.9014855903 size 492000 s miss rate 0.9063059439 s size 442000 max size 730000
1 miss rate 0.9492912582 size 559000 s miss rate 0.9463459695 s size 609000 max size 765000
2 miss rate 0.9014855903 size 492000 s miss rate 0.9063059439 s size 442000 max size 730000
1 miss rate 0.9492912582 size 559000 s miss rate 0.9463459695 s size 609000 max size 765000
2 miss rate 0.9014855903 size 492000 s miss rate 0.9063059439 s size 442000 max size 730000
1 miss rate 0.9492912582 size 559000 s miss rate 0.9463459695 s size 609000 max size 765000
2 miss rate 0.9014855903 size 492000 s miss rate 0.9063059439 s size 442000 max size 730000
1 miss rate 0.9492912582 size 559000 s miss rate 0.9463459695 s size 609000 max size 765000
2 miss rate 0.9014855903 size 492000 s miss rate 0.9063059439 s size 442000 max size 730000
1 miss rate 0.9492912582 size 559000 s miss rate 0.9463459695 s size 609000 max size 765000
2 miss rate 0.9014855903 size 492000 s miss rate 0.9063059439 s size 442000 max size 730000
2 miss rate 0.8993808091 size 497000 s miss rate 0.8966921658 s size 547000 max size 735000
1 miss rate 0.9486753842 size 551000 s miss rate 0.9539151277 s size 501000 max size 770000
2 miss rate 0.8993808091 size 497000 s miss rate 0.8966921658 s size 547000 max size 735000
1 miss rate 0.9486753842 size 551000 s miss rate 0.9539151277 s size 501000 max size 770000
2 miss rate 0.8993808091 size 497000 s miss rate 0.8966921658 s size 547000 max size 735000
1 miss rate 0.9486753842 size 551000 s miss rate 0.9539151277 s size 501000 max size 770000
2 miss rate 0.8993808091 size 497000 s miss rate 0.8966921658 s size 547000 max size 735000
1 miss rate 0.9486753842 size 551000 s miss rate 0.9539151277 s size 501000 max size 770000
1 miss rate 0.9488918346 size 550000 s miss rate 0.9453052966 s size 600000 max size 774000
2 miss rate 0.8989304419 size 500000 s miss rate 0.903761355 s size 450000 max size 737000
1 miss rate 0.9488918346 size 550000 s miss rate 0.9453052966 s size 600000 max size 774000
2 miss rate 0.8989304419 size 500000 s miss rate 0.903761355 s size 450000 max size 737000
1 miss rate 0.9488918346 size 550000 s miss rate 0.9453052966 s size 600000 max size 774000
2 miss rate 0.8989304419 size 500000 s miss rate 0.903761355 s size 450000 max size 737000
1 miss rate 0.9488918346 size 550000 s miss rate 0.9453052966 s size 600000 max size 774000
2 miss rate 0.8989304419 size 500000 s miss rate 0.903761355 s size 450000 max size 737000
1 miss rate 0.9488918346 size 550000 s miss rate 0.9453052966 s size 600000 max size 774000
2 miss rate 0.8989304419 size 500000 s miss rate 0.903761355 s size 450000 max size 737000
1 miss rate 0.9488918346 size 550000 s miss rate 0.9453052966 s size 600000 max size 774000
2 miss rate 0.8989304419 size 500000 s miss rate 0.903761355 s size 450000 max size 737000
2 miss rate 0.8988053391 size 500000 s miss rate 0.8962415897 s size 550000 max size 743000
1 miss rate 0.9495508532 size 550000 s miss rate 0.9549823899 s size 500000 max size 780000
2 miss rate 0.8988053391 size 500000 s miss rate 0.8962415897 s size 550000 max size 743000
1 miss rate 0.9495508532 size 550000 s miss rate 0.9549823899 s size 500000 max size 780000
2 miss rate 0.8988053391 size 500000 s miss rate 0.8962415897 s size 550000 max size 743000
1 miss rate 0.9495508532 size 550000 s miss rate 0.9549823899 s size 500000 max size 780000
2 miss rate 0.8988053391 size 500000 s miss rate 0.8962415897 s size 550000 max size 743000
1 miss rate 0.9495508532 size 550000 s miss rate 0.9549823899 s size 500000 max size 780000
2 miss rate 0.8988053391 size 500000 s miss rate 0.8962415897 s size 550000 max size 743000
1 miss rate 0.9495508532 size 550000 s miss rate 0.9549823899 s size 500000 max size 780000
1 miss rate 0.9497373494 size 549000 s miss rate 0.9461796146 s size 599000 max size 784000
2 miss rate 0.8986036854 size 499000 s miss rate 0.9033825656 s size 449000 max size 746000
1 miss rate 0.9497373494 size 549000 s miss rate 0.9461796146 s size 599000 max size 784000
2 miss rate 0.8986036854 size 499000 s miss rate 0.9033825656 s size 449000 max size 746000
1 miss rate 0.9497373494 size 549000 s miss rate 0.9461796146 s size 599000 max size 784000
2 miss rate 0.8986036854 size 499000 s miss rate 0.9033825656 s size 449000 max size 746000
1 miss rate 0.9497373494 size 549000 s miss rate 0.9461796146 s size 599000 max size 784000
2 miss rate 0.8986036854 size 499000 s miss rate 0.9033825656 s size 449000 max size 746000
1 miss rate 0.9476293103 size 548000 s miss rate 0.9439150926 s size 598000 max size 791000
2 miss rate 0.8976832323 size 498000 s miss rate 0.9028036982 s size 448000 max size 754000
1 miss rate 0.9476293103 size 548000 s miss rate 0.9439150926 s size 598000 max size 791000
2 miss rate 0.8976832323 size 498000 s miss rate 0.9028036982 s size 448000 max size 754000
1 miss rate 0.9476293103 size 548000 s miss rate 0.9439150926 s size 598000 max size 791000
2 miss rate 0.8976832323 size 498000 s miss rate 0.9028036982 s size 448000 max size 754000
1 miss rate 0.9476293103 size 548000 s miss rate 0.9439150926 s size 598000 max size 791000
2 miss rate 0.8976832323 size 498000 s miss rate 0.9028036982 s size 448000 max size 754000
1 miss rate 0.9476293103 size 548000 s miss rate 0.9439150926 s size 598000 max size 791000
2 miss rate 0.8976832323 size 498000 s miss rate 0.9028036982 s size 448000 max size 754000
1 miss rate 0.9476293103 size 548000 s miss rate 0.9439150926 s size 598000 max size 791000
2 miss rate 0.8976832323 size 498000 s miss rate 0.9028036982 s size 448000 max size 754000
1 miss rate 0.9476293103 size 548000 s miss rate 0.9439150926 s size 598000 max size 791000
2 miss rate 0.8976832323 size 498000 s miss rate 0.9028036982 s size 448000 max size 754000
2 miss rate 0.8966859481 size 500000 s miss rate 0.8942021368 s size 550000 max size 759000
1 miss rate 0.9481374681 size 550000 s miss rate 0.9538154402 s size 500000 max size 797000
2 miss rate 0.8966859481 size 500000 s miss rate 0.8942021368 s size 550000 max size 759000
1 miss rate 0.9481374681 size 550000 s miss rate 0.9538154402 s size 500000 max size 797000
2 miss rate 0.8966859481 size 500000 s miss rate 0.8942021368 s size 550000 max size 759000
1 miss rate 0.9481374681 size 550000 s miss rate 0.9538154402 s size 500000 max size 797000
2 miss rate 0.8966859481 size 500000 s miss rate 0.8942021368 s size 550000 max size 759000
1 miss rate 0.9481374681 size 550000 s miss rate 0.9538154402 s size 500000 max size 797000
2 miss rate 0.8966859481 size 500000 s miss rate 0.8942021368 s size 550000 max size 759000
1 miss rate 0.9481374681 size 550000 s miss rate 0.9538154402 s size 500000 max size 797000
1 miss rate 0.9483030153 size 550000 s miss rate 0.9442983193 s size 600000 max size 800000
2 miss rate 0.8953515943 size 499000 s miss rate 0.9004271878 s size 449000 max size 761000
1 miss rate 0.9483030153 size 550000 s miss rate 0.9442983193 s size 600000 max size 800000
2 miss rate 0.8953515943 size 499000 s miss rate 0.9004271878 s size 449000 max size 761000
1 miss rate 0.9483030153 size 550000 s miss rate 0.9442983193 s size 600000 max size 800000
2 miss rate 0.8953515943 size 499000 s miss rate 0.9004271878 s size 449000 max size 761000
1 miss rate 0.9483030153 size 550000 s miss rate 0.9442983193 s size 600000 max size 800000
2 miss rate 0.8953515943 size 499000 s miss rate 0.9004271878 s size 449000 max size 761000
1 miss rate 0.9483030153 size 550000 s miss rate 0.9442983193 s size 600000 max size 800000
2 miss rate 0.8953515943 size 499000 s miss rate 0.9004271878 s size 449000 max size 761000
1 miss rate 0.9483030153 size 550000 s miss rate 0.9442983193 s size 600000 max size 800000
2 miss rate 0.8953515943 size 499000 s miss rate 0.9004271878 s size 449000 max size 761000
2 miss rate 0.8931555273 size 499000 s miss rate 0.89055448 s size 549000 max size 765000
1 miss rate 0.9496646052 size 549000 s miss rate 0.9553096962 s size 499000 max size 807000
2 miss rate 0.8931555273 size 499000 s miss rate 0.89055448 s size 549000 max size 765000
1 miss rate 0.9496646052 size 549000 s miss rate 0.9553096962 s size 499000 max size 807000
2 miss rate 0.8931555273 size 499000 s miss rate 0.89055448 s size 549000 max size 765000
1 miss rate 0.9496646052 size 549000 s miss rate 0.9553096962 s size 499000 max size 807000
2 miss rate 0.8931555273 size 499000 s miss rate 0.89055448 s size 549000 max size 765000
1 miss rate 0.9496646052 size 549000 s miss rate 0.9553096962 s size 499000 max size 807000
2 miss rate 0.8931555273 size 499000 s miss rate 0.89055448 s size 549000 max size 765000
1 miss rate 0.9496646052 size 549000 s miss rate 0.9553096962 s size 499000 max size 807000
2 miss rate 0.8931555273 size 499000 s miss rate 0.89055448 s size 549000 max size 765000
1 miss rate 0.9496646052 size 549000 s miss rate 0.9553096962 s size 499000 max size 807000
1 miss rate 0.9493659908 size 549000 s miss rate 0.9453732668 s size 599000 max size 811000
2 miss rate 0.8929653776 size 499000 s miss rate 0.8983431764 s size 449000 max size 768000
1 miss rate 0.9493659908 size 549000 s miss rate 0.9453732668 s size 599000 max size 811000
2 miss rate 0.8929653776 size 499000 s miss rate 0.8983431764 s size 449000 max size 768000
1 miss rate 0.9493659908 size 549000 s miss rate 0.9453732668 s size 599000 max size 811000
2 miss rate 0.8929653776 size 499000 s miss rate 0.8983431764 s size 449000 max size 768000
1 miss rate 0.9493659908 size 549000 s miss rate 0.9453732668 s size 599000 max size 811000
2 miss rate 0.8929653776 size 499000 s miss rate 0.8983431764 s size 449000 max size 768000
2 miss rate 0.8919002695 size 500000 s miss rate 0.8894012216 s size 550000 max size 773000
1 miss rate 0.9496851709 size 551000 s miss rate 0.9552116777 s size 501000 max size 816000
2 miss rate 0.8919002695 size 500000 s miss rate 0.8894012216 s size 550000 max size 773000
1 miss rate 0.9496851709 size 551000 s miss rate 0.9552116777 s size 501000 max size 816000
2 miss rate 0.8919002695 size 500000 s miss rate 0.8894012216 s size 550000 max size 773000
1 miss rate 0.9496851709 size 551000 s miss rate 0.9552116777 s size 501000 max size 816000
2 miss rate 0.8919002695 size 500000 s miss rate 0.8894012216 s size 550000 max size 773000
1 miss rate 0.9496851709 size 551000 s miss rate 0.9552116777 s size 501000 max size 816000
2 miss rate 0.8919002695 size 500000 s miss rate 0.8894012216 s size 550000 max size 773000
1 miss rate 0.9496851709 size 551000 s miss rate 0.9552116777 s size 501000 max size 816000
1 miss rate 0.9489347126 size 550000 s miss rate 0.9443981609 s size 600000 max size 819000
2 miss rate 0.8925780285 size 500000 s miss rate 0.8979371072 s size 450000 max size 777000
1 miss rate 0.9489347126 size 550000 s miss rate 0.9443981609 s size 600000 max size 819000
2 miss rate 0.8925780285 size 500000 s miss rate 0.8979371072 s size 450000 max size 777000
1 miss rate 0.9489347126 size 550000 s miss rate 0.9443981609 s size 600000 max size 819000
2 miss rate 0.8925780285 size 500000 s miss rate 0.8979371072 s size 450000 max size 777000
1 miss rate 0.9489347126 size 550000 s miss rate 0.9443981609 s size 600000 max size 819000
2 miss rate 0.8925780285 size 500000 s miss rate 0.8979371072 s size 450000 max size 777000
1 miss rate 0.9489347126 size 550000 s miss rate 0.9443981609 s size 600000 max size 819000
2 miss rate 0.8925780285 size 500000 s miss rate 0.8979371072 s size 450000 max size 777000
2 miss rate 0.8920269376 size 499000 s miss rate 0.8893970588 s size 549000 max size 781000
1 miss rate 0.9475297156 size 550000 s miss rate 0.953529078 s size 500000 max size 823000
2 miss rate 0.8920269376 size 499000 s miss rate 0.8893970588 s size 549000 max size 781000
1 miss rate 0.9475297156 size 550000 s miss rate 0.953529078 s size 500000 max size 823000
2 miss rate 0.8920269376 size 499000 s miss rate 0.8893970588 s size 549000 max size 781000
1 miss rate 0.9475297156 size 550000 s miss rate 0.953529078 s size 500000 max size 823000
2 miss rate 0.8920269376 size 499000 s miss rate 0.8893970588 s size 549000 max size 781000
1 miss rate 0.9475297156 size 550000 s miss rate 0.953529078 s size 500000 max size 823000
1 miss rate 0.9478832181 size 550000 s miss rate 0.9431242247 s size 600000 max size 827000
2 miss rate 0.8918939959 size 499000 s miss rate 0.8972598514 s size 449000 max size 785000
1 miss rate 0.9478832181 size 550000 s miss rate 0.9431242247 s size 600000 max size 827000
2 miss rate 0.8918939959 size 499000 s miss rate 0.8972598514 s size 449000 max size 785000
1 miss rate 0.9478832181 size 550000 s miss rate 0.9431242247 s size 600000 max size 827000
2 miss rate 0.8918939959 size 499000 s miss rate 0.8972598514 s size 449000 max size 785000
1 miss rate 0.9478832181 size 550000 s miss rate 0.9431242247 s size 600000 max size 827000
2 miss rate 0.8918939959 size 499000 s miss rate 0.8972598514 s size 449000 max size 785000
2 miss rate 0.8907036788 size 498000 s miss rate 0.8878374575 s size 548000 max size 789000
1 miss rate 0.9479346491 size 549000 s miss rate 0.9541411148 s size 499000 max size 832000
2 miss rate 0.8907036788 size 498000 s miss rate 0.8878374575 s size 548000 max size 789000
1 miss rate 0.9479346491 size 549000 s miss rate 0.9541411148 s size 499000 max size 832000
2 miss rate 0.8907036788 size 498000 s miss rate 0.8878374575 s size 548000 max size 789000
1 miss rate 0.9479346491 size 549000 s miss rate 0.9541411148 s size 499000 max size 832000
1 miss rate 0.9471175209 size 549000 s miss rate 0.9420480084 s size 599000 max size 835000
2 miss rate 0.8907294983 size 498000 s miss rate 0.8963262803 s size 448000 max size 793000
1 miss rate 0.9471175209 size 549000 s miss rate 0.9420480084 s size 599000 max size 835000
2 miss rate 0.8907294983 size 498000 s miss rate 0.8963262803 s size 448000 max size 793000
1 miss rate 0.9471175209 size 549000 s miss rate 0.9420480084 s size 599000 max size 835000
2 miss rate 0.8907294983 size 498000 s miss rate 0.8963262803 s size 448000 max size 793000
1 miss rate 0.9471175209 size 549000 s miss rate 0.9420480084 s size 599000 max size 835000
2 miss rate 0.8907294983 size 498000 s miss rate 0.8963262803 s size 448000 max size 793000
1 miss rate 0.9471175209 size 549000 s miss rate 0.9420480084 s size 599000 max size 835000
2 miss rate 0.8907294983 size 498000 s miss rate 0.8963262803 s size 448000 max size 793000
1 miss rate 0.9471175209 size 549000 s miss rate 0.9420480084 s size 599000 max size 835000
2 miss rate 0.8907294983 size 498000 s miss rate 0.8963262803 s size 448000 max size 793000
1 miss rate 0.9471175209 size 549000 s miss rate 0.9420480084 s size 599000 max size 835000
2 miss rate 0.8907294983 size 498000 s miss rate 0.8963262803 s size 448000 max size 793000
2 miss rate 0.8894554221 size 500000 s miss rate 0.8864343646 s size 550000 max size 797000
1 miss rate 0.946030029 size 550000 s miss rate 0.9524633463 s size 500000 max size 839000
2 miss rate 0.8894554221 size 500000 s miss rate 0.8864343646 s size 550000 max size 797000
1 miss rate 0.946030029 size 550000 s miss rate 0.9524633463 s size 500000 max size 839000
2 miss rate 0.8894554221 size 500000 s miss rate 0.8864343646 s size 550000 max size 797000
1 miss rate 0.946030029 size 550000 s miss rate 0.9524633463 s size 500000 max size 839000
2 miss rate 0.8894554221 size 500000 s miss rate 0.8864343646 s size 550000 max size 797000
1 miss rate 0.946030029 size 550000 s miss rate 0.9524633463 s size 500000 max size 839000
2 miss rate 0.8894554221 size 500000 s miss rate 0.8864343646 s size 550000 max size 797000
1 miss rate 0.946030029 size 550000 s miss rate 0.9524633463 s size 500000 max size 839000
1 miss rate 0.9458427288 size 550000 s miss rate 0.9406129493 s size 600000 max size 843000
2 miss rate 0.8895564092 size 500000 s miss rate 0.8953147643 s size 450000 max size 800000
1 miss rate 0.9458427288 size 550000 s miss rate 0.9406129493 s size 600000 max size 843000
2 miss rate 0.8895564092 size 500000 s miss rate 0.8953147643 s size 450000 max size 800000
1 miss rate 0.9458427288 size 550000 s miss rate 0.9406129493 s size 600000 max size 843000
2 miss rate 0.8895564092 size 500000 s miss rate 0.8953147643 s size 450000 max size 800000
1 miss rate 0.9458427288 size 550000 s miss rate 0.9406129493 s size 600000 max size 843000
2 miss rate 0.8895564092 size 500000 s miss rate 0.8953147643 s size 450000 max size 800000
1 miss rate 0.9434698749 size 550000 s miss rate 0.937995185 s size 600000 max size 849000
2 miss rate 0.8883640282 size 499000 s miss rate 0.8942134927 s size 449000 max size 808000
1 miss rate 0.9434698749 size 550000 s miss rate 0.937995185 s size 600000 max size 849000
2 miss rate 0.8883640282 size 499000 s miss rate 0.8942134927 s size 449000 max size 808000
1 miss rate 0.9434698749 size 550000 s miss rate 0.937995185 s size 600000 max size 849000
2 miss rate 0.8883640282 size 499000 s miss rate 0.8942134927 s size 449000 max size 808000
1 miss rate 0.9434698749 size 550000 s miss rate 0.937995185 s size 600000 max size 849000
2 miss rate 0.8883640282 size 499000 s miss rate 0.8942134927 s size 449000 max size 808000
1 miss rate 0.9434698749 size 550000 s miss rate 0.937995185 s size 600000 max size 849000
2 miss rate 0.8883640282 size 499000 s miss rate 0.8942134927 s size 449000 max size 808000
Progress: 46008679 Rate: 0.2413311563 MB/s Hit Rate: 13.64756993% Evicted Items: 541800 Evicted Bytes: 145334610 Utilization: 0
1 miss rate 0.9434019106 size 549000 s miss rate 0.9375910185 s size 599000 max size 858000
2 miss rate 0.8890986487 size 499000 s miss rate 0.894868548 s size 449000 max size 818000
1 stole from 2
2 miss rate 0.8885346718 size 497000 s miss rate 0.8852359107 s size 547000 max size 822000
1 miss rate 0.9429465122 size 554000 s miss rate 0.9498620864 s size 504000 max size 862000
2 miss rate 0.8885346718 size 497000 s miss rate 0.8852359107 s size 547000 max size 822000
1 miss rate 0.9429465122 size 554000 s miss rate 0.9498620864 s size 504000 max size 862000
2 miss rate 0.8885346718 size 497000 s miss rate 0.8852359107 s size 547000 max size 822000
1 miss rate 0.9429465122 size 554000 s miss rate 0.9498620864 s size 504000 max size 862000
2 miss rate 0.8885346718 size 497000 s miss rate 0.8852359107 s size 547000 max size 822000
1 miss rate 0.9429465122 size 554000 s miss rate 0.9498620864 s size 504000 max size 862000
1 miss rate 0.9423511711 size 558000 s miss rate 0.9372242807 s size 608000 max size 866000
2 miss rate 0.8887989035 size 495000 s miss rate 0.8948651684 s size 445000 max size 826000
1 miss rate 0.9423511711 size 558000 s miss rate 0.9372242807 s size 608000 max size 866000
2 miss rate 0.8887989035 size 495000 s miss rate 0.8948651684 s size 445000 max size 826000
1 miss rate 0.9423511711 size 558000 s miss rate 0.9372242807 s size 608000 max size 866000
2 miss rate 0.8887989035 size 495000 s miss rate 0.8948651684 s size 445000 max size 826000
1 miss rate 0.9423511711 size 558000 s miss rate 0.9372242807 s size 608000 max size 866000
2 miss rate 0.8887989035 size 495000 s miss rate 0.8948651684 s size 445000 max size 826000
1 miss rate 0.9423511711 size 558000 s miss rate 0.9372242807 s size 608000 max size 866000
2 miss rate 0.8887989035 size 495000 s miss rate 0.8948651684 s size 445000 max size 826000
1 miss rate 0.9423511711 size 558000 s miss rate 0.9372242807 s size 608000 max size 866000
2 miss rate 0.8887989035 size 495000 s miss rate 0.8948651684 s size 445000 max size 826000
2 miss rate 0.8880707201 size 491000 s miss rate 0.8846993404 s size 541000 max size 830000
1 miss rate 0.9415904324 size 562000 s miss rate 0.9485028073 s size 512000 max size 870000
2 miss rate 0.8880707201 size 491000 s miss rate 0.8846993404 s size 541000 max size 830000
1 miss rate 0.9415904324 size 562000 s miss rate 0.9485028073 s size 512000 max size 870000
2 miss rate 0.8880707201 size 491000 s miss rate 0.8846993404 s size 541000 max size 830000
1 miss rate 0.9415904324 size 562000 s miss rate 0.9485028073 s size 512000 max size 870000
1 miss rate 0.9419054812 size 567000 s miss rate 0.9364736601 s size 617000 max size 875000
2 miss rate 0.8873590985 size 489000 s miss rate 0.8939116624 s size 439000 max size 834000
1 miss rate 0.9419054812 size 567000 s miss rate 0.9364736601 s size 617000 max size 875000
2 miss rate 0.8873590985 size 489000 s miss rate 0.8939116624 s size 439000 max size 834000
1 miss rate 0.9419054812 size 567000 s miss rate 0.9364736601 s size 617000 max size 875000
2 miss rate 0.8873590985 size 489000 s miss rate 0.8939116624 s size 439000 max size 834000
1 miss rate 0.9419054812 size 567000 s miss rate 0.9364736601 s size 617000 max size 875000
2 miss rate 0.8873590985 size 489000 s miss rate 0.8939116624 s size 439000 max size 834000
1 miss rate 0.9419054812 size 567000 s miss rate 0.9364736601 s size 617000 max size 875000
2 miss rate 0.8873590985 size 489000 s miss rate 0.8939116624 s size 439000 max size 834000
2 miss rate 0.8868540879 size 487000 s miss rate 0.8837269852 s size 537000 max size 838000
1 miss rate 0.94132892 size 571000 s miss rate 0.9480376571 s size 521000 max size 879000
2 miss rate 0.8868540879 size 487000 s miss rate 0.8837269852 s size 537000 max size 838000
1 miss rate 0.94132892 size 571000 s miss rate 0.9480376571 s size 521000 max size 879000
2 miss rate 0.8868540879 size 487000 s miss rate 0.8837269852 s size 537000 max size 838000
1 miss rate 0.94132892 size 571000 s miss rate 0.9480376571 s size 521000 max size 879000
2 miss rate 0.8868540879 size 487000 s miss rate 0.8837269852 s size 537000 max size 838000
1 miss rate 0.94132892 size 571000 s miss rate 0.9480376571 s size 521000 max size 879000
2 miss rate 0.8868540879 size 487000 s miss rate 0.8837269852 s size 537000 max size 838000
1 miss rate 0.94132892 size 571000 s miss rate 0.9480376571 s size 521000 max size 879000
2 miss rate 0.8868540879 size 487000 s miss rate 0.8837269852 s size 537000 max size 838000
1 miss rate 0.94132892 size 571000 s miss rate 0.9480376571 s size 521000 max size 879000
2 miss rate 0.8868540879 size 487000 s miss rate 0.8837269852 s size 537000 max size 838000
1 miss rate 0.94132892 size 571000 s miss rate 0.9480376571 s size 521000 max size 879000
1 miss rate 0.9411285669 size 575000 s miss rate 0.936288955 s size 625000 max size 884000
2 miss rate 0.8876187474 size 483000 s miss rate 0.8942481419 s size 433000 max size 843000
1 miss rate 0.9411285669 size 575000 s miss rate 0.936288955 s size 625000 max size 884000
2 miss rate 0.8876187474 size 483000 s miss rate 0.8942481419 s size 433000 max size 843000
1 miss rate 0.9411285669 size 575000 s miss rate 0.936288955 s size 625000 max size 884000
2 miss rate 0.8876187474 size 483000 s miss rate 0.8942481419 s size 433000 max size 843000
2 miss rate 0.8879614472 size 481000 s miss rate 0.8845640322 s size 531000 max size 847000
1 miss rate 0.9416452927 size 580000 s miss rate 0.9483742854 s size 530000 max size 889000
2 miss rate 0.8879614472 size 481000 s miss rate 0.8845640322 s size 531000 max size 847000
1 miss rate 0.9416452927 size 580000 s miss rate 0.9483742854 s size 530000 max size 889000
2 miss rate 0.8879614472 size 481000 s miss rate 0.8845640322 s size 531000 max size 847000
1 miss rate 0.9416452927 size 580000 s miss rate 0.9483742854 s size 530000 max size 889000
2 miss rate 0.8879614472 size 481000 s miss rate 0.8845640322 s size 531000 max size 847000
1 miss rate 0.9416452927 size 580000 s miss rate 0.9483742854 s size 530000 max size 889000
2 miss rate 0.8879614472 size 481000 s miss rate 0.8845640322 s size 531000 max size 847000
1 miss rate 0.9416452927 size 580000 s miss rate 0.9483742854 s size 530000 max size 889000
1 miss rate 0.9418501796 size 584000 s miss rate 0.9373033708 s size 634000 max size 894000
2 miss rate 0.8877785059 size 480000 s miss rate 0.8950381174 s size 430000 max size 851000
1 miss rate 0.9418501796 size 584000 s miss rate 0.9373033708 s size 634000 max size 894000
2 miss rate 0.8877785059 size 480000 s miss rate 0.8950381174 s size 430000 max size 851000
1 miss rate 0.9418501796 size 584000 s miss rate 0.9373033708 s size 634000 max size 894000
2 miss rate 0.8877785059 size 480000 s miss rate 0.8950381174 s size 430000 max size 851000
1 miss rate 0.9418501796 size 584000 s miss rate 0.9373033708 s size 634000 max size 894000
2 miss rate 0.8877785059 size 480000 s miss rate 0.8950381174 s size 430000 max size 851000
1 miss rate 0.9418501796 size 584000 s miss rate 0.9373033708 s size 634000 max size 894000
2 miss rate 0.8877785059 size 480000 s miss rate 0.8950381174 s size 430000 max size 851000
1 miss rate 0.9418501796 size 584000 s miss rate 0.9373033708 s size 634000 max size 894000
2 miss rate 0.8877785059 size 480000 s miss rate 0.8950381174 s size 430000 max size 851000
2 miss rate 0.887504853 size 478000 s miss rate 0.8839756794 s size 528000 max size 855000
1 miss rate 0.9405903633 size 589000 s miss rate 0.9477653016 s size 539000 max size 897000
2 miss rate 0.887504853 size 478000 s miss rate 0.8839756794 s size 528000 max size 855000
1 miss rate 0.9405903633 size 589000 s miss rate 0.9477653016 s size 539000 max size 897000
2 miss rate 0.887504853 size 478000 s miss rate 0.8839756794 s size 528000 max size 855000
1 miss rate 0.9405903633 size 589000 s miss rate 0.9477653016 s size 539000 max size 897000
2 miss rate 0.887504853 size 478000 s miss rate 0.8839756794 s size 528000 max size 855000
1 miss rate 0.9405903633 size 589000 s miss rate 0.9477653016 s size 539000 max size 897000
1 miss rate 0.939875969 size 593000 s miss rate 0.9350437561 s size 643000 max size 902000
2 miss rate 0.8868370843 size 473000 s miss rate 0.8944955613 s size 423000 max size 859000
1 miss rate 0.939875969 size 593000 s miss rate 0.9350437561 s size 643000 max size 902000
2 miss rate 0.8868370843 size 473000 s miss rate 0.8944955613 s size 423000 max size 859000
1 miss rate 0.939875969 size 593000 s miss rate 0.9350437561 s size 643000 max size 902000
2 miss rate 0.8868370843 size 473000 s miss rate 0.8944955613 s size 423000 max size 859000
1 miss rate 0.939875969 size 593000 s miss rate 0.9350437561 s size 643000 max size 902000
2 miss rate 0.8868370843 size 473000 s miss rate 0.8944955613 s size 423000 max size 859000
2 miss rate 0.8863197688 size 471000 s miss rate 0.8827378915 s size 521000 max size 862000
1 miss rate 0.9400051027 size 597000 s miss rate 0.9465358013 s size 547000 max size 906000
2 miss rate 0.8863197688 size 471000 s miss rate 0.8827378915 s size 521000 max size 862000
1 miss rate 0.9400051027 size 597000 s miss rate 0.9465358013 s size 547000 max size 906000
2 miss rate 0.8863197688 size 471000 s miss rate 0.8827378915 s size 521000 max size 862000
1 miss rate 0.9400051027 size 597000 s miss rate 0.9465358013 s size 547000 max size 906000
2 miss rate 0.8863197688 size 471000 s miss rate 0.8827378915 s size 521000 max size 862000
1 miss rate 0.9400051027 size 597000 s miss rate 0.9465358013 s size 547000 max size 906000
2 miss rate 0.8863197688 size 471000 s miss rate 0.8827378915 s size 521000 max size 862000
1 miss rate 0.9400051027 size 597000 s miss rate 0.9465358013 s size 547000 max size 906000
1 miss rate 0.9391701863 size 602000 s miss rate 0.9346706016 s size 652000 max size 910000
2 miss rate 0.8861985104 size 470000 s miss rate 0.8940936454 s size 420000 max size 866000
1 miss rate 0.9391701863 size 602000 s miss rate 0.9346706016 s size 652000 max size 910000
2 miss rate 0.8861985104 size 470000 s miss rate 0.8940936454 s size 420000 max size 866000
1 miss rate 0.9391701863 size 602000 s miss rate 0.9346706016 s size 652000 max size 910000
2 miss rate 0.8861985104 size 470000 s miss rate 0.8940936454 s size 420000 max size 866000
1 miss rate 0.9391701863 size 602000 s miss rate 0.9346706016 s size 652000 max size 910000
2 miss rate 0.8861985104 size 470000 s miss rate 0.8940936454 s size 420000 max size 866000
1 miss rate 0.9391701863 size 602000 s miss rate 0.9346706016 s size 652000 max size 910000
2 miss rate 0.8861985104 size 470000 s miss rate 0.8940936454 s size 420000 max size 866000
1 miss rate 0.9391701863 size 602000 s miss rate 0.9346706016 s size 652000 max size 910000
2 miss rate 0.8861985104 size 470000 s miss rate 0.8940936454 s size 420000 max size 866000
2 miss rate 0.8862777987 size 465000 s miss rate 0.8829887254 s size 515000 max size 871000
1 miss rate 0.9394769959 size 606000 s miss rate 0.9458144832 s size 556000 max size 915000
2 miss rate 0.8862777987 size 465000 s miss rate 0.8829887254 s size 515000 max size 871000
1 miss rate 0.9394769959 size 606000 s miss rate 0.9458144832 s size 556000 max size 915000
2 miss rate 0.8862777987 size 465000 s miss rate 0.8829887254 s size 515000 max size 871000
1 miss rate 0.9394769959 size 606000 s miss rate 0.9458144832 s size 556000 max size 915000
2 miss rate 0.8862777987 size 465000 s miss rate 0.8829887254 s size 515000 max size 871000
1 miss rate 0.9394769959 size 606000 s miss rate 0.9458144832 s size 556000 max size 915000
1 miss rate 0.9392326568 size 610000 s miss rate 0.9342032448 s size 660000 max size 920000
2 miss rate 0.8859366497 size 463000 s miss rate 0.8943925146 s size 413000 max size 875000
1 miss rate 0.9392326568 size 610000 s miss rate 0.9342032448 s size 660000 max size 920000
2 miss rate 0.8859366497 size 463000 s miss rate 0.8943925146 s size 413000 max size 875000
1 miss rate 0.9392326568 size 610000 s miss rate 0.9342032448 s size 660000 max size 920000
2 miss rate 0.8859366497 size 463000 s miss rate 0.8943925146 s size 413000 max size 875000
1 miss rate 0.9392326568 size 610000 s miss rate 0.9342032448 s size 660000 max size 920000
2 miss rate 0.8859366497 size 463000 s miss rate 0.8943925146 s size 413000 max size 875000
total execution time: 79.331
