global_mem 1599078400 segment_size 1048576 segment_count 1525
1525 > 2*100
performing trace analysis on apps 1,2,
with steal weights of 
policy multi
using trace file /tmp/200.sim
rounding off
utilization rate 1
start counting hits at t = 2e+07
request limit 0
global mem 1599078400
use tax 0
tax rate 0.05
cleaning width 100
Progress: 262145 Rate: 5.964731189 MB/s Hit Rate: -nan% Evicted Items: 0 Evicted Bytes: 0 Utilization: 0
Progress: 524289 Rate: 5.844217002 MB/s Hit Rate: -nan% Evicted Items: 0 Evicted Bytes: 0 Utilization: 0
Progress: 786433 Rate: 5.644139181 MB/s Hit Rate: -nan% Evicted Items: 0 Evicted Bytes: 0 Utilization: 0
Progress: 1310721 Rate: 6.012686569 MB/s Hit Rate: -nan% Evicted Items: 0 Evicted Bytes: 0 Utilization: 0
Progress: 1835009 Rate: 6.693928676 MB/s Hit Rate: -nan% Evicted Items: 0 Evicted Bytes: 0 Utilization: 0
Progress: 2359297 Rate: 6.519429517 MB/s Hit Rate: -nan% Evicted Items: 0 Evicted Bytes: 0 Utilization: 0
Progress: 2883585 Rate: 4.795481076 MB/s Hit Rate: -nan% Evicted Items: 0 Evicted Bytes: 0 Utilization: 0
Progress: 3407873 Rate: 7.100422125 MB/s Hit Rate: -nan% Evicted Items: 0 Evicted Bytes: 0 Utilization: 0
Progress: 3932161 Rate: 7.13550956 MB/s Hit Rate: -nan% Evicted Items: 0 Evicted Bytes: 0 Utilization: 0
Progress: 4456449 Rate: 7.156264503 MB/s Hit Rate: -nan% Evicted Items: 0 Evicted Bytes: 0 Utilization: 0
Progress: 4980737 Rate: 7.194318474 MB/s Hit Rate: -nan% Evicted Items: 0 Evicted Bytes: 0 Utilization: 0
Progress: 5505025 Rate: 7.218903604 MB/s Hit Rate: -nan% Evicted Items: 0 Evicted Bytes: 0 Utilization: 0
Progress: 6029313 Rate: 7.23169617 MB/s Hit Rate: -nan% Evicted Items: 0 Evicted Bytes: 0 Utilization: 0
Progress: 6553601 Rate: 7.246177178 MB/s Hit Rate: -nan% Evicted Items: 0 Evicted Bytes: 0 Utilization: 0
Progress: 7077889 Rate: 7.275411983 MB/s Hit Rate: -nan% Evicted Items: 0 Evicted Bytes: 0 Utilization: 0
Progress: 7602177 Rate: 7.308682943 MB/s Hit Rate: -nan% Evicted Items: 0 Evicted Bytes: 0 Utilization: 0
Progress: 8126465 Rate: 7.312562316 MB/s Hit Rate: -nan% Evicted Items: 0 Evicted Bytes: 0 Utilization: 0
Progress: 8650753 Rate: 7.314869017 MB/s Hit Rate: -nan% Evicted Items: 0 Evicted Bytes: 0 Utilization: 0
Progress: 8912897 Rate: 3.454039988 MB/s Hit Rate: -nan% Evicted Items: 0 Evicted Bytes: 0 Utilization: 0
Progress: 9437185 Rate: 7.665403866 MB/s Hit Rate: -nan% Evicted Items: 0 Evicted Bytes: 0 Utilization: 0
Progress: 9961473 Rate: 7.67862164 MB/s Hit Rate: -nan% Evicted Items: 0 Evicted Bytes: 0 Utilization: 0
Progress: 10485761 Rate: 7.688906116 MB/s Hit Rate: -nan% Evicted Items: 0 Evicted Bytes: 0 Utilization: 0
Progress: 11010049 Rate: 7.710645556 MB/s Hit Rate: -nan% Evicted Items: 0 Evicted Bytes: 0 Utilization: 0
Progress: 11534337 Rate: 7.710726053 MB/s Hit Rate: -nan% Evicted Items: 0 Evicted Bytes: 0 Utilization: 0
Progress: 12058625 Rate: 7.741893028 MB/s Hit Rate: -nan% Evicted Items: 0 Evicted Bytes: 0 Utilization: 0
Progress: 12582913 Rate: 7.762567763 MB/s Hit Rate: -nan% Evicted Items: 0 Evicted Bytes: 0 Utilization: 0
Progress: 13107201 Rate: 7.761833545 MB/s Hit Rate: -nan% Evicted Items: 0 Evicted Bytes: 0 Utilization: 0
Progress: 13631489 Rate: 7.783851767 MB/s Hit Rate: -nan% Evicted Items: 0 Evicted Bytes: 0 Utilization: 0
Progress: 14155777 Rate: 7.796558699 MB/s Hit Rate: -nan% Evicted Items: 0 Evicted Bytes: 0 Utilization: 0
Progress: 14680065 Rate: 7.823933329 MB/s Hit Rate: -nan% Evicted Items: 0 Evicted Bytes: 0 Utilization: 0
Progress: 15204353 Rate: 7.82302003 MB/s Hit Rate: -nan% Evicted Items: 0 Evicted Bytes: 0 Utilization: 0
Progress: 15728641 Rate: 7.824685156 MB/s Hit Rate: -nan% Evicted Items: 0 Evicted Bytes: 0 Utilization: 0
Progress: 16252929 Rate: 7.835045348 MB/s Hit Rate: -nan% Evicted Items: 0 Evicted Bytes: 0 Utilization: 0
Progress: 16777217 Rate: 7.862910042 MB/s Hit Rate: -nan% Evicted Items: 0 Evicted Bytes: 0 Utilization: 0
Progress: 17301505 Rate: 7.868054074 MB/s Hit Rate: -nan% Evicted Items: 0 Evicted Bytes: 0 Utilization: 0
Progress: 17825793 Rate: 7.86509413 MB/s Hit Rate: -nan% Evicted Items: 0 Evicted Bytes: 0 Utilization: 0
Progress: 18350081 Rate: 7.866890066 MB/s Hit Rate: -nan% Evicted Items: 0 Evicted Bytes: 0 Utilization: 0
Progress: 18874369 Rate: 7.890469523 MB/s Hit Rate: -nan% Evicted Items: 0 Evicted Bytes: 0 Utilization: 0
Progress: 19398657 Rate: 7.904331714 MB/s Hit Rate: -nan% Evicted Items: 0 Evicted Bytes: 0 Utilization: 0
Progress: 19922945 Rate: 7.890091913 MB/s Hit Rate: -nan% Evicted Items: 0 Evicted Bytes: 0 Utilization: 0
Progress: 20447233 Rate: 7.503422107 MB/s Hit Rate: 91.84183636% Evicted Items: 0 Evicted Bytes: 0 Utilization: 0
Progress: 20971521 Rate: 7.494993681 MB/s Hit Rate: 92.03990444% Evicted Items: 0 Evicted Bytes: 0 Utilization: 0
Progress: 21495809 Rate: 7.513496861 MB/s Hit Rate: 92.22139992% Evicted Items: 0 Evicted Bytes: 0 Utilization: 0
Progress: 22020097 Rate: 7.517718498 MB/s Hit Rate: 92.38071241% Evicted Items: 0 Evicted Bytes: 0 Utilization: 0
Progress: 22544385 Rate: 7.514609599 MB/s Hit Rate: 92.54271661% Evicted Items: 0 Evicted Bytes: 0 Utilization: 0
Progress: 23068673 Rate: 7.519462576 MB/s Hit Rate: 92.7051856% Evicted Items: 0 Evicted Bytes: 0 Utilization: 0
Progress: 23592961 Rate: 7.536560137 MB/s Hit Rate: 92.84598413% Evicted Items: 0 Evicted Bytes: 0 Utilization: 0
Progress: 24117249 Rate: 7.53807377 MB/s Hit Rate: 92.99559002% Evicted Items: 0 Evicted Bytes: 0 Utilization: 0
Progress: 24641537 Rate: 7.544012424 MB/s Hit Rate: 93.13720864% Evicted Items: 0 Evicted Bytes: 0 Utilization: 0
Progress: 25165825 Rate: 7.532467078 MB/s Hit Rate: 93.27584655% Evicted Items: 0 Evicted Bytes: 0 Utilization: 0
Progress: 25690113 Rate: 7.548630582 MB/s Hit Rate: 93.41215192% Evicted Items: 0 Evicted Bytes: 0 Utilization: 0
Progress: 26214401 Rate: 7.565881556 MB/s Hit Rate: 93.54233819% Evicted Items: 0 Evicted Bytes: 0 Utilization: 0
Progress: 26738689 Rate: 7.566572806 MB/s Hit Rate: 93.66961437% Evicted Items: 0 Evicted Bytes: 0 Utilization: 0
Progress: 27262977 Rate: 7.5627184 MB/s Hit Rate: 93.78941996% Evicted Items: 0 Evicted Bytes: 0 Utilization: 0
Progress: 27787265 Rate: 7.544799452 MB/s Hit Rate: 93.90771985% Evicted Items: 0 Evicted Bytes: 0 Utilization: 0
Progress: 28311553 Rate: 7.574786944 MB/s Hit Rate: 94.01857872% Evicted Items: 0 Evicted Bytes: 0 Utilization: 0
Progress: 28835841 Rate: 7.585600649 MB/s Hit Rate: 94.12828954% Evicted Items: 0 Evicted Bytes: 0 Utilization: 0
Progress: 29360129 Rate: 7.575515738 MB/s Hit Rate: 94.23616918% Evicted Items: 0 Evicted Bytes: 0 Utilization: 0
Progress: 29884417 Rate: 7.570283229 MB/s Hit Rate: 94.34105218% Evicted Items: 0 Evicted Bytes: 0 Utilization: 0
Progress: 30408705 Rate: 7.573198369 MB/s Hit Rate: 94.44225771% Evicted Items: 0 Evicted Bytes: 0 Utilization: 0
Progress: 30932993 Rate: 7.591733946 MB/s Hit Rate: 94.5410008% Evicted Items: 0 Evicted Bytes: 0 Utilization: 0
Progress: 31457281 Rate: 7.600557242 MB/s Hit Rate: 94.64015066% Evicted Items: 0 Evicted Bytes: 0 Utilization: 0
Progress: 31981569 Rate: 7.586970114 MB/s Hit Rate: 94.73330246% Evicted Items: 0 Evicted Bytes: 0 Utilization: 0
Progress: 32505857 Rate: 7.571995759 MB/s Hit Rate: 94.82330559% Evicted Items: 0 Evicted Bytes: 0 Utilization: 0
Progress: 33030145 Rate: 7.596922873 MB/s Hit Rate: 94.91168364% Evicted Items: 0 Evicted Bytes: 0 Utilization: 0
Progress: 33554433 Rate: 7.613861144 MB/s Hit Rate: 95.00098602% Evicted Items: 0 Evicted Bytes: 0 Utilization: 0
Progress: 34078721 Rate: 7.593601437 MB/s Hit Rate: 95.08742307% Evicted Items: 0 Evicted Bytes: 0 Utilization: 0
Progress: 34603009 Rate: 7.593808652 MB/s Hit Rate: 95.17029675% Evicted Items: 0 Evicted Bytes: 0 Utilization: 0
Progress: 35127297 Rate: 7.592769326 MB/s Hit Rate: 95.25192769% Evicted Items: 0 Evicted Bytes: 0 Utilization: 0
Progress: 35651585 Rate: 7.609493257 MB/s Hit Rate: 95.33086905% Evicted Items: 0 Evicted Bytes: 0 Utilization: 0
Progress: 36175873 Rate: 7.61082113 MB/s Hit Rate: 95.40790163% Evicted Items: 0 Evicted Bytes: 0 Utilization: 0
Progress: 36700161 Rate: 7.600052081 MB/s Hit Rate: 95.4829178% Evicted Items: 0 Evicted Bytes: 0 Utilization: 0
Progress: 37224449 Rate: 7.557456727 MB/s Hit Rate: 95.55478378% Evicted Items: 0 Evicted Bytes: 0 Utilization: 0
Progress: 37748737 Rate: 7.604496368 MB/s Hit Rate: 95.62635922% Evicted Items: 0 Evicted Bytes: 0 Utilization: 0
Progress: 38273025 Rate: 7.597849847 MB/s Hit Rate: 95.69601092% Evicted Items: 0 Evicted Bytes: 0 Utilization: 0
Progress: 38797313 Rate: 7.619957905 MB/s Hit Rate: 95.76443718% Evicted Items: 0 Evicted Bytes: 0 Utilization: 0
Progress: 39321601 Rate: 7.611977757 MB/s Hit Rate: 95.83018509% Evicted Items: 0 Evicted Bytes: 0 Utilization: 0
Progress: 39845889 Rate: 7.601450496 MB/s Hit Rate: 95.89427816% Evicted Items: 0 Evicted Bytes: 0 Utilization: 0
Progress: 40370177 Rate: 7.612470645 MB/s Hit Rate: 95.95763454% Evicted Items: 0 Evicted Bytes: 0 Utilization: 0
Progress: 40894465 Rate: 7.627506576 MB/s Hit Rate: 96.01940993% Evicted Items: 0 Evicted Bytes: 0 Utilization: 0
Progress: 41418753 Rate: 7.624999758 MB/s Hit Rate: 96.07922086% Evicted Items: 0 Evicted Bytes: 0 Utilization: 0
Progress: 41943041 Rate: 7.607698026 MB/s Hit Rate: 96.13860722% Evicted Items: 0 Evicted Bytes: 0 Utilization: 0
Progress: 42467329 Rate: 7.600185262 MB/s Hit Rate: 96.19579168% Evicted Items: 0 Evicted Bytes: 0 Utilization: 0
Progress: 42991617 Rate: 7.622102245 MB/s Hit Rate: 96.25169904% Evicted Items: 0 Evicted Bytes: 0 Utilization: 0
Progress: 43515905 Rate: 7.639687294 MB/s Hit Rate: 96.30701434% Evicted Items: 0 Evicted Bytes: 0 Utilization: 0
Progress: 44040193 Rate: 7.628791973 MB/s Hit Rate: 96.36026633% Evicted Items: 0 Evicted Bytes: 0 Utilization: 0
Progress: 44564481 Rate: 7.608137886 MB/s Hit Rate: 96.41256821% Evicted Items: 0 Evicted Bytes: 0 Utilization: 0
Progress: 45088769 Rate: 7.615436262 MB/s Hit Rate: 96.46406326% Evicted Items: 0 Evicted Bytes: 0 Utilization: 0
Progress: 45613057 Rate: 7.626119021 MB/s Hit Rate: 96.51406702% Evicted Items: 0 Evicted Bytes: 0 Utilization: 0
Progress: 46137345 Rate: 7.598011576 MB/s Hit Rate: 96.56265011% Evicted Items: 0 Evicted Bytes: 0 Utilization: 0
Progress: 46661633 Rate: 7.628597886 MB/s Hit Rate: 96.61024139% Evicted Items: 0 Evicted Bytes: 0 Utilization: 0
Progress: 47185921 Rate: 7.615339033 MB/s Hit Rate: 96.65644581% Evicted Items: 0 Evicted Bytes: 0 Utilization: 0
Progress: 47710209 Rate: 7.627273729 MB/s Hit Rate: 96.70177515% Evicted Items: 0 Evicted Bytes: 0 Utilization: 0
Progress: 48234497 Rate: 7.643550874 MB/s Hit Rate: 96.74628877% Evicted Items: 0 Evicted Bytes: 0 Utilization: 0
Progress: 48758785 Rate: 7.637630636 MB/s Hit Rate: 96.7902886% Evicted Items: 0 Evicted Bytes: 0 Utilization: 0
Progress: 49283073 Rate: 7.556211923 MB/s Hit Rate: 96.83304754% Evicted Items: 0 Evicted Bytes: 0 Utilization: 0
Progress: 49807361 Rate: 7.614835282 MB/s Hit Rate: 96.87450358% Evicted Items: 0 Evicted Bytes: 0 Utilization: 0
Progress: 50331649 Rate: 7.6281151 MB/s Hit Rate: 96.91543312% Evicted Items: 0 Evicted Bytes: 0 Utilization: 0
Progress: 50855937 Rate: 7.61918507 MB/s Hit Rate: 96.95527315% Evicted Items: 0 Evicted Bytes: 0 Utilization: 0
Progress: 51380225 Rate: 7.609068633 MB/s Hit Rate: 96.99475386% Evicted Items: 0 Evicted Bytes: 0 Utilization: 0
Progress: 51904513 Rate: 7.637040383 MB/s Hit Rate: 97.03288999% Evicted Items: 0 Evicted Bytes: 0 Utilization: 0
Progress: 52428801 Rate: 7.650930019 MB/s Hit Rate: 97.07034497% Evicted Items: 0 Evicted Bytes: 0 Utilization: 0
Progress: 52953089 Rate: 7.660216024 MB/s Hit Rate: 97.10705725% Evicted Items: 0 Evicted Bytes: 0 Utilization: 0
Progress: 53477377 Rate: 7.602418856 MB/s Hit Rate: 97.14309756% Evicted Items: 0 Evicted Bytes: 0 Utilization: 0
Progress: 54001665 Rate: 7.62988979 MB/s Hit Rate: 97.17852052% Evicted Items: 0 Evicted Bytes: 0 Utilization: 0
Progress: 54525953 Rate: 7.608878256 MB/s Hit Rate: 97.21303565% Evicted Items: 0 Evicted Bytes: 0 Utilization: 0
Progress: 55050241 Rate: 7.663551697 MB/s Hit Rate: 97.24658955% Evicted Items: 0 Evicted Bytes: 0 Utilization: 0
Progress: 55574529 Rate: 7.65076679 MB/s Hit Rate: 97.27967727% Evicted Items: 0 Evicted Bytes: 0 Utilization: 0
Progress: 56098817 Rate: 7.60634879 MB/s Hit Rate: 97.31216123% Evicted Items: 0 Evicted Bytes: 0 Utilization: 0
Progress: 56623105 Rate: 7.634122776 MB/s Hit Rate: 97.34413289% Evicted Items: 0 Evicted Bytes: 0 Utilization: 0
Progress: 57147393 Rate: 7.641875879 MB/s Hit Rate: 97.37527745% Evicted Items: 0 Evicted Bytes: 0 Utilization: 0
Progress: 57671681 Rate: 7.63201077 MB/s Hit Rate: 97.4058657% Evicted Items: 0 Evicted Bytes: 0 Utilization: 0
Progress: 58195969 Rate: 7.546616891 MB/s Hit Rate: 97.43584199% Evicted Items: 0 Evicted Bytes: 0 Utilization: 0
Progress: 58720257 Rate: 7.632365214 MB/s Hit Rate: 97.46546104% Evicted Items: 0 Evicted Bytes: 0 Utilization: 0
Progress: 59244545 Rate: 7.677062269 MB/s Hit Rate: 97.49414345% Evicted Items: 0 Evicted Bytes: 0 Utilization: 0
Progress: 59768833 Rate: 7.598547049 MB/s Hit Rate: 97.52247193% Evicted Items: 0 Evicted Bytes: 0 Utilization: 0
Progress: 60293121 Rate: 7.64274001 MB/s Hit Rate: 97.55005079% Evicted Items: 0 Evicted Bytes: 0 Utilization: 0
Progress: 60817409 Rate: 7.561278129 MB/s Hit Rate: 97.5772176% Evicted Items: 0 Evicted Bytes: 0 Utilization: 0
Progress: 61341697 Rate: 7.664074015 MB/s Hit Rate: 97.6040074% Evicted Items: 0 Evicted Bytes: 0 Utilization: 0
Progress: 61865985 Rate: 7.641709784 MB/s Hit Rate: 97.63029103% Evicted Items: 0 Evicted Bytes: 0 Utilization: 0
Progress: 62390273 Rate: 7.599721655 MB/s Hit Rate: 97.65593159% Evicted Items: 0 Evicted Bytes: 0 Utilization: 0
Progress: 62914561 Rate: 7.637332263 MB/s Hit Rate: 97.68121128% Evicted Items: 0 Evicted Bytes: 0 Utilization: 0
Progress: 63438849 Rate: 7.612816219 MB/s Hit Rate: 97.70599124% Evicted Items: 0 Evicted Bytes: 0 Utilization: 0
Progress: 63963137 Rate: 7.659348437 MB/s Hit Rate: 97.73028936% Evicted Items: 0 Evicted Bytes: 0 Utilization: 0
Progress: 64487425 Rate: 7.651049251 MB/s Hit Rate: 97.75419234% Evicted Items: 0 Evicted Bytes: 0 Utilization: 0
Progress: 65011713 Rate: 7.629475253 MB/s Hit Rate: 97.77763846% Evicted Items: 0 Evicted Bytes: 0 Utilization: 0
Progress: 65536001 Rate: 7.608655504 MB/s Hit Rate: 97.80038656% Evicted Items: 0 Evicted Bytes: 0 Utilization: 0
Progress: 66060289 Rate: 7.646652485 MB/s Hit Rate: 97.82295113% Evicted Items: 0 Evicted Bytes: 0 Utilization: 0
Progress: 66584577 Rate: 7.629294948 MB/s Hit Rate: 97.84507864% Evicted Items: 0 Evicted Bytes: 0 Utilization: 0
Progress: 67108865 Rate: 7.555843358 MB/s Hit Rate: 97.86684948% Evicted Items: 0 Evicted Bytes: 0 Utilization: 0
Progress: 67633153 Rate: 7.594758098 MB/s Hit Rate: 97.88814316% Evicted Items: 0 Evicted Bytes: 0 Utilization: 0
Progress: 68157441 Rate: 7.607603509 MB/s Hit Rate: 97.90913101% Evicted Items: 0 Evicted Bytes: 0 Utilization: 0
Progress: 68681729 Rate: 7.693693317 MB/s Hit Rate: 97.92967707% Evicted Items: 0 Evicted Bytes: 0 Utilization: 0
Progress: 69206017 Rate: 7.691246478 MB/s Hit Rate: 97.94996819% Evicted Items: 0 Evicted Bytes: 0 Utilization: 0
Progress: 69730305 Rate: 7.512799341 MB/s Hit Rate: 97.96985761% Evicted Items: 0 Evicted Bytes: 0 Utilization: 0
Progress: 70254593 Rate: 7.601006231 MB/s Hit Rate: 97.98926239% Evicted Items: 0 Evicted Bytes: 0 Utilization: 0
Progress: 70778881 Rate: 7.694385964 MB/s Hit Rate: 98.00845158% Evicted Items: 0 Evicted Bytes: 0 Utilization: 0
Progress: 71303169 Rate: 7.586259209 MB/s Hit Rate: 98.02736552% Evicted Items: 0 Evicted Bytes: 0 Utilization: 0
Progress: 71827457 Rate: 7.625088249 MB/s Hit Rate: 98.04593152% Evicted Items: 0 Evicted Bytes: 0 Utilization: 0
Progress: 72351745 Rate: 7.638254212 MB/s Hit Rate: 98.0642651% Evicted Items: 0 Evicted Bytes: 0 Utilization: 0
Progress: 72876033 Rate: 7.557119601 MB/s Hit Rate: 98.08214432% Evicted Items: 0 Evicted Bytes: 0 Utilization: 0
Progress: 73400321 Rate: 7.744108612 MB/s Hit Rate: 98.09978858% Evicted Items: 0 Evicted Bytes: 0 Utilization: 0
Progress: 73924609 Rate: 7.472733606 MB/s Hit Rate: 98.11716762% Evicted Items: 0 Evicted Bytes: 0 Utilization: 0
Progress: 74448897 Rate: 7.658900813 MB/s Hit Rate: 98.13429095% Evicted Items: 0 Evicted Bytes: 0 Utilization: 0
Progress: 74973185 Rate: 7.567603518 MB/s Hit Rate: 98.15108039% Evicted Items: 0 Evicted Bytes: 0 Utilization: 0
Progress: 75497473 Rate: 7.679115463 MB/s Hit Rate: 98.16752197% Evicted Items: 0 Evicted Bytes: 0 Utilization: 0
Progress: 76021761 Rate: 7.603024565 MB/s Hit Rate: 98.18368973% Evicted Items: 0 Evicted Bytes: 0 Utilization: 0
Progress: 76546049 Rate: 7.564042166 MB/s Hit Rate: 98.19963018% Evicted Items: 0 Evicted Bytes: 0 Utilization: 0
Progress: 77070337 Rate: 7.703841898 MB/s Hit Rate: 98.21539165% Evicted Items: 0 Evicted Bytes: 0 Utilization: 0
Progress: 77594625 Rate: 7.498889808 MB/s Hit Rate: 98.23084533% Evicted Items: 0 Evicted Bytes: 0 Utilization: 0
Progress: 78118913 Rate: 7.698198185 MB/s Hit Rate: 98.24604084% Evicted Items: 0 Evicted Bytes: 0 Utilization: 0
Progress: 78643201 Rate: 7.613482733 MB/s Hit Rate: 98.26100216% Evicted Items: 0 Evicted Bytes: 0 Utilization: 0
Progress: 79167489 Rate: 7.493176651 MB/s Hit Rate: 98.27573551% Evicted Items: 0 Evicted Bytes: 0 Utilization: 0
Progress: 79691777 Rate: 7.766820073 MB/s Hit Rate: 98.29019833% Evicted Items: 0 Evicted Bytes: 0 Utilization: 0
Progress: 80216065 Rate: 7.598490244 MB/s Hit Rate: 98.3044641% Evicted Items: 0 Evicted Bytes: 0 Utilization: 0
Progress: 80740353 Rate: 7.491032138 MB/s Hit Rate: 98.31853628% Evicted Items: 0 Evicted Bytes: 0 Utilization: 0
Progress: 81264641 Rate: 7.629963504 MB/s Hit Rate: 98.33238066% Evicted Items: 0 Evicted Bytes: 0 Utilization: 0
Progress: 81788929 Rate: 7.84627658 MB/s Hit Rate: 98.34598687% Evicted Items: 0 Evicted Bytes: 0 Utilization: 0
Progress: 82313217 Rate: 7.346485253 MB/s Hit Rate: 98.35943312% Evicted Items: 0 Evicted Bytes: 0 Utilization: 0
Progress: 82837505 Rate: 7.346645392 MB/s Hit Rate: 98.37262476% Evicted Items: 0 Evicted Bytes: 0 Utilization: 0
Progress: 83361793 Rate: 7.641840979 MB/s Hit Rate: 98.3856407% Evicted Items: 0 Evicted Bytes: 0 Utilization: 0
Progress: 83886081 Rate: 7.838790375 MB/s Hit Rate: 98.39843361% Evicted Items: 0 Evicted Bytes: 0 Utilization: 0
Progress: 84410369 Rate: 7.42042327 MB/s Hit Rate: 98.41107415% Evicted Items: 0 Evicted Bytes: 0 Utilization: 0
Progress: 84934657 Rate: 7.483255351 MB/s Hit Rate: 98.42351674% Evicted Items: 0 Evicted Bytes: 0 Utilization: 0
Progress: 85458945 Rate: 7.477731041 MB/s Hit Rate: 98.4357432% Evicted Items: 0 Evicted Bytes: 0 Utilization: 0
Progress: 85983233 Rate: 7.848803248 MB/s Hit Rate: 98.44780719% Evicted Items: 0 Evicted Bytes: 0 Utilization: 0
Progress: 86507521 Rate: 7.789932411 MB/s Hit Rate: 98.45971856% Evicted Items: 0 Evicted Bytes: 0 Utilization: 0
Progress: 87031809 Rate: 7.315200436 MB/s Hit Rate: 98.47143018% Evicted Items: 0 Evicted Bytes: 0 Utilization: 0
Progress: 87556097 Rate: 7.433869492 MB/s Hit Rate: 98.48295114% Evicted Items: 0 Evicted Bytes: 0 Utilization: 0
Progress: 88080385 Rate: 7.470030624 MB/s Hit Rate: 98.49434312% Evicted Items: 0 Evicted Bytes: 0 Utilization: 0
Progress: 88604673 Rate: 7.679156614 MB/s Hit Rate: 98.5055639% Evicted Items: 0 Evicted Bytes: 0 Utilization: 0
Progress: 89128961 Rate: 7.843186675 MB/s Hit Rate: 98.51664051% Evicted Items: 0 Evicted Bytes: 0 Utilization: 0
Progress: 89653249 Rate: 7.671254135 MB/s Hit Rate: 98.52754464% Evicted Items: 0 Evicted Bytes: 0 Utilization: 0
Progress: 90177537 Rate: 7.182692303 MB/s Hit Rate: 98.53831006% Evicted Items: 0 Evicted Bytes: 0 Utilization: 0
Progress: 90701825 Rate: 7.488744449 MB/s Hit Rate: 98.54892855% Evicted Items: 0 Evicted Bytes: 0 Utilization: 0
Progress: 91226113 Rate: 7.509855109 MB/s Hit Rate: 98.55937527% Evicted Items: 0 Evicted Bytes: 0 Utilization: 0
Progress: 91750401 Rate: 7.494194674 MB/s Hit Rate: 98.56969998% Evicted Items: 0 Evicted Bytes: 0 Utilization: 0
Progress: 92274689 Rate: 7.413448582 MB/s Hit Rate: 98.57992056% Evicted Items: 0 Evicted Bytes: 0 Utilization: 0
Progress: 92798977 Rate: 7.713168806 MB/s Hit Rate: 98.5899376% Evicted Items: 0 Evicted Bytes: 0 Utilization: 0
Progress: 93323265 Rate: 7.828858126 MB/s Hit Rate: 98.59982776% Evicted Items: 0 Evicted Bytes: 0 Utilization: 0
Progress: 93847553 Rate: 7.805673273 MB/s Hit Rate: 98.60961676% Evicted Items: 0 Evicted Bytes: 0 Utilization: 0
Progress: 94371841 Rate: 7.226625015 MB/s Hit Rate: 98.61921665% Evicted Items: 0 Evicted Bytes: 0 Utilization: 0
Progress: 94896129 Rate: 7.398878815 MB/s Hit Rate: 98.62873153% Evicted Items: 0 Evicted Bytes: 0 Utilization: 0
Progress: 95420417 Rate: 7.463464246 MB/s Hit Rate: 98.63810883% Evicted Items: 0 Evicted Bytes: 0 Utilization: 0
Progress: 95944705 Rate: 7.465822414 MB/s Hit Rate: 98.64736719% Evicted Items: 0 Evicted Bytes: 0 Utilization: 0
Progress: 96468993 Rate: 7.426598483 MB/s Hit Rate: 98.6564999% Evicted Items: 0 Evicted Bytes: 0 Utilization: 0
Progress: 96993281 Rate: 7.49698668 MB/s Hit Rate: 98.66551342% Evicted Items: 0 Evicted Bytes: 0 Utilization: 0
Progress: 97517569 Rate: 7.490906113 MB/s Hit Rate: 98.67441147% Evicted Items: 0 Evicted Bytes: 0 Utilization: 0
Progress: 98041857 Rate: 7.723171354 MB/s Hit Rate: 98.68318741% Evicted Items: 0 Evicted Bytes: 0 Utilization: 0
Progress: 98566145 Rate: 7.854232682 MB/s Hit Rate: 98.69187167% Evicted Items: 0 Evicted Bytes: 0 Utilization: 0
Progress: 99090433 Rate: 7.863080356 MB/s Hit Rate: 98.70043195% Evicted Items: 0 Evicted Bytes: 0 Utilization: 0
Progress: 99614721 Rate: 7.840946662 MB/s Hit Rate: 98.70887948% Evicted Items: 0 Evicted Bytes: 0 Utilization: 0
total execution time: 329.924
